#
# There is insufficient memory for the Java Runtime Environment to continue.
# Native memory allocation (malloc) failed to allocate 1048576 bytes. Error detail: AllocateHeap
# Possible reasons:
#   The system is out of physical RAM or swap space
#   This process is running with CompressedOops enabled, and the Java Heap may be blocking the growth of the native heap
# Possible solutions:
#   Reduce memory load on the system
#   Increase physical memory or swap space
#   Check if swap backing store is full
#   Decrease Java heap size (-Xmx/-Xms)
#   Decrease number of Java threads
#   Decrease Java thread stack sizes (-Xss)
#   Set larger code cache with -XX:ReservedCodeCacheSize=
#   JVM is running with Unscaled Compressed Oops mode in which the Java heap is
#     placed in the first 4GB address space. The Java Heap base address is the
#     maximum limit for the native heap growth. Please use -XX:HeapBaseMinAddress
#     to set the Java Heap base and to place the Java Heap above 4GB virtual address.
# This output file may be truncated or incomplete.
#
#  Out of Memory Error (allocation.cpp:44), pid=17992, tid=11960
#
# JRE version: OpenJDK Runtime Environment Temurin-21.0.8+9 (21.0.8+9) (build 21.0.8+9-LTS)
# Java VM: OpenJDK 64-Bit Server VM Temurin-21.0.8+9 (21.0.8+9-LTS, mixed mode, sharing, tiered, compressed oops, compressed class ptrs, parallel gc, windows-amd64)
# No core dump will be written. Minidumps are not enabled by default on client versions of Windows
#

---------------  S U M M A R Y ------------

Command Line: --add-modules=ALL-SYSTEM --add-opens=java.base/java.util=ALL-UNNAMED --add-opens=java.base/java.lang=ALL-UNNAMED --add-opens=java.base/sun.nio.fs=ALL-UNNAMED -Declipse.application=org.eclipse.jdt.ls.core.id1 -Dosgi.bundles.defaultStartLevel=4 -Declipse.product=org.eclipse.jdt.ls.core.product -Djava.import.generatesMetadataFilesAtProjectRoot=false -DDetectVMInstallationsJob.disabled=true -Dfile.encoding=utf8 -XX:+UseParallelGC -XX:GCTimeRatio=4 -XX:AdaptiveSizePolicyWeight=90 -Dsun.zip.disableMemoryMapping=true -Xmx2G -Xms100m -Xlog:disable -javaagent:c:\Users\deniz\.cursor\extensions\redhat.java-1.44.0-win32-x64\lombok\lombok-1.18.39-4050.jar -XX:+HeapDumpOnOutOfMemoryError -XX:HeapDumpPath=c:\Users\deniz\AppData\Roaming\Cursor\User\workspaceStorage\04a64cb1d383666a988af755d4eca036\redhat.java -Daether.dependencyCollector.impl=bf c:\Users\deniz\.cursor\extensions\redhat.java-1.44.0-win32-x64\server\plugins\org.eclipse.equinox.launcher_1.7.0.v20250519-0528.jar -configuration c:\Users\deniz\AppData\Roaming\Cursor\User\globalStorage\redhat.java\1.44.0\config_win -data c:\Users\deniz\AppData\Roaming\Cursor\User\workspaceStorage\04a64cb1d383666a988af755d4eca036\redhat.java\jdt_ws --pipe=\\.\pipe\lsp-642e5b928366618cbbea97e722c199d7-sock

Host: 12th Gen Intel(R) Core(TM) i5-12500H, 16 cores, 15G,  Windows 11 , 64 bit Build 26100 (10.0.26100.4768)
Time: Wed Sep  3 00:35:34 2025 Türkiye Standart Saati elapsed time: 3366.076531 seconds (0d 0h 56m 6s)

---------------  T H R E A D  ---------------

Current thread (0x0000020fa0bb8470):  JavaThread "Attach Listener" daemon [_thread_in_vm, id=11960, stack(0x000000dce2800000,0x000000dce2900000) (1024K)]

Stack: [0x000000dce2800000,0x000000dce2900000]
Native frames: (J=compiled Java code, j=interpreted, Vv=VM code, C=native code)
V  [jvm.dll+0x6d2449]
V  [jvm.dll+0x8ae341]
V  [jvm.dll+0x8b08be]
V  [jvm.dll+0x8b0fa3]
V  [jvm.dll+0x280c96]
V  [jvm.dll+0xc0347]
V  [jvm.dll+0x6d2cf9]
V  [jvm.dll+0x131116]
V  [jvm.dll+0x3f2d16]
V  [jvm.dll+0x857e6b]
V  [jvm.dll+0x6d0b0d]
C  [ucrtbase.dll+0x37b0]
C  [KERNEL32.DLL+0x2e8d7]
C  [ntdll.dll+0x3c34c]


---------------  P R O C E S S  ---------------

Threads class SMR info:
_java_thread_list=0x0000020f88c733f0, length=52, elements={
0x0000020fa0b0edf0, 0x0000020fa0abe720, 0x0000020fa0bb2600, 0x0000020fa0bb7340,
0x0000020fa0bb8470, 0x0000020fa0bbafd0, 0x0000020fa0bbba20, 0x0000020ff990cfe0,
0x0000020ff9944760, 0x0000020ff9a32ac0, 0x0000020f8411ce70, 0x0000020f84e894e0,
0x0000020f8487e7a0, 0x0000020f845e5c60, 0x0000020f84862020, 0x0000020f850c5880,
0x0000020f841f5120, 0x0000020f844bdf60, 0x0000020f844bec80, 0x0000020f844bb800,
0x0000020f844bbe90, 0x0000020f86994980, 0x0000020f86992f40, 0x0000020f86995010,
0x0000020f869956a0, 0x0000020f869963c0, 0x0000020f869935d0, 0x0000020f86993c60,
0x0000020f895fff30, 0x0000020f895fde60, 0x0000020f895ff8a0, 0x0000020f895fcab0,
0x0000020f895fd7d0, 0x0000020f895fe4f0, 0x0000020f895feb80, 0x0000020f895ff210,
0x0000020f896005c0, 0x0000020f895fd140, 0x0000020f89602000, 0x0000020f896033b0,
0x0000020f89600c50, 0x0000020f844bcbb0, 0x0000020f899f1bb0, 0x0000020f899ef450,
0x0000020f899f2240, 0x0000020f899eedc0, 0x0000020f899f28d0, 0x0000020f899f49a0,
0x0000020f899f5030, 0x0000020f844bd240, 0x0000020f869942f0, 0x0000020f844bd8d0
}

Java Threads: ( => current thread )
  0x0000020fa0b0edf0 JavaThread "main"                              [_thread_blocked, id=18820, stack(0x000000dce2100000,0x000000dce2200000) (1024K)]
  0x0000020fa0abe720 JavaThread "Reference Handler"          daemon [_thread_blocked, id=25504, stack(0x000000dce2500000,0x000000dce2600000) (1024K)]
  0x0000020fa0bb2600 JavaThread "Finalizer"                  daemon [_thread_blocked, id=13660, stack(0x000000dce2600000,0x000000dce2700000) (1024K)]
  0x0000020fa0bb7340 JavaThread "Signal Dispatcher"          daemon [_thread_blocked, id=22412, stack(0x000000dce2700000,0x000000dce2800000) (1024K)]
=>0x0000020fa0bb8470 JavaThread "Attach Listener"            daemon [_thread_in_vm, id=11960, stack(0x000000dce2800000,0x000000dce2900000) (1024K)]
  0x0000020fa0bbafd0 JavaThread "Service Thread"             daemon [_thread_blocked, id=20740, stack(0x000000dce2900000,0x000000dce2a00000) (1024K)]
  0x0000020fa0bbba20 JavaThread "Monitor Deflation Thread"   daemon [_thread_blocked, id=9144, stack(0x000000dce2a00000,0x000000dce2b00000) (1024K)]
  0x0000020ff990cfe0 JavaThread "C2 CompilerThread0"         daemon [_thread_blocked, id=17724, stack(0x000000dce2b00000,0x000000dce2c00000) (1024K)]
  0x0000020ff9944760 JavaThread "C1 CompilerThread0"         daemon [_thread_blocked, id=9828, stack(0x000000dce2c00000,0x000000dce2d00000) (1024K)]
  0x0000020ff9a32ac0 JavaThread "Common-Cleaner"             daemon [_thread_blocked, id=24764, stack(0x000000dce2d00000,0x000000dce2e00000) (1024K)]
  0x0000020f8411ce70 JavaThread "Notification Thread"        daemon [_thread_blocked, id=26204, stack(0x000000dce3100000,0x000000dce3200000) (1024K)]
  0x0000020f84e894e0 JavaThread "Active Thread: Equinox Container: 17de3448-3685-4d1b-bbef-bfbdbea2d428"        [_thread_blocked, id=23664, stack(0x000000dce3b00000,0x000000dce3c00000) (1024K)]
  0x0000020f8487e7a0 JavaThread "Refresh Thread: Equinox Container: 17de3448-3685-4d1b-bbef-bfbdbea2d428" daemon [_thread_blocked, id=22812, stack(0x000000dce2e00000,0x000000dce2f00000) (1024K)]
  0x0000020f845e5c60 JavaThread "Framework Event Dispatcher: Equinox Container: 17de3448-3685-4d1b-bbef-bfbdbea2d428" daemon [_thread_blocked, id=21620, stack(0x000000dce2f00000,0x000000dce3000000) (1024K)]
  0x0000020f84862020 JavaThread "Start Level: Equinox Container: 17de3448-3685-4d1b-bbef-bfbdbea2d428" daemon [_thread_blocked, id=8864, stack(0x000000dce3000000,0x000000dce3100000) (1024K)]
  0x0000020f850c5880 JavaThread "Bundle File Closer"         daemon [_thread_blocked, id=24972, stack(0x000000dce3f00000,0x000000dce4000000) (1024K)]
  0x0000020f841f5120 JavaThread "SCR Component Actor"        daemon [_thread_blocked, id=27136, stack(0x000000dce3200000,0x000000dce3300000) (1024K)]
  0x0000020f844bdf60 JavaThread "Worker-JM"                         [_thread_blocked, id=23640, stack(0x000000dce4700000,0x000000dce4800000) (1024K)]
  0x0000020f844bec80 JavaThread "JNA Cleaner"                daemon [_thread_blocked, id=24416, stack(0x000000dce4600000,0x000000dce4700000) (1024K)]
  0x0000020f844bb800 JavaThread "Worker-1"                          [_thread_blocked, id=26780, stack(0x000000dce4a00000,0x000000dce4b00000) (1024K)]
  0x0000020f844bbe90 JavaThread "Java indexing"              daemon [_thread_blocked, id=21328, stack(0x000000dce4b00000,0x000000dce4c00000) (1024K)]
  0x0000020f86994980 JavaThread "Thread-2"                   daemon [_thread_in_native, id=5696, stack(0x000000dce5600000,0x000000dce5700000) (1024K)]
  0x0000020f86992f40 JavaThread "Thread-3"                   daemon [_thread_in_native, id=5704, stack(0x000000dce5700000,0x000000dce5800000) (1024K)]
  0x0000020f86995010 JavaThread "Thread-4"                   daemon [_thread_in_native, id=25316, stack(0x000000dce5800000,0x000000dce5900000) (1024K)]
  0x0000020f869956a0 JavaThread "Thread-5"                   daemon [_thread_in_native, id=15236, stack(0x000000dce5900000,0x000000dce5a00000) (1024K)]
  0x0000020f869963c0 JavaThread "Thread-6"                   daemon [_thread_in_native, id=8800, stack(0x000000dce5a00000,0x000000dce5b00000) (1024K)]
  0x0000020f869935d0 JavaThread "Thread-7"                   daemon [_thread_in_native, id=24480, stack(0x000000dce5b00000,0x000000dce5c00000) (1024K)]
  0x0000020f86993c60 JavaThread "Thread-8"                   daemon [_thread_in_native, id=25124, stack(0x000000dce5c00000,0x000000dce5d00000) (1024K)]
  0x0000020f895fff30 JavaThread "Thread-9"                   daemon [_thread_in_native, id=27096, stack(0x000000dce5d00000,0x000000dce5e00000) (1024K)]
  0x0000020f895fde60 JavaThread "Thread-10"                  daemon [_thread_in_native, id=25692, stack(0x000000dce5e00000,0x000000dce5f00000) (1024K)]
  0x0000020f895ff8a0 JavaThread "Thread-11"                  daemon [_thread_in_native, id=19988, stack(0x000000dce5f00000,0x000000dce6000000) (1024K)]
  0x0000020f895fcab0 JavaThread "Thread-12"                  daemon [_thread_in_native, id=27528, stack(0x000000dce6000000,0x000000dce6100000) (1024K)]
  0x0000020f895fd7d0 JavaThread "Thread-13"                  daemon [_thread_in_native, id=8328, stack(0x000000dce6100000,0x000000dce6200000) (1024K)]
  0x0000020f895fe4f0 JavaThread "Thread-14"                  daemon [_thread_in_native, id=16824, stack(0x000000dce6200000,0x000000dce6300000) (1024K)]
  0x0000020f895feb80 JavaThread "Thread-15"                  daemon [_thread_in_native, id=25280, stack(0x000000dce6300000,0x000000dce6400000) (1024K)]
  0x0000020f895ff210 JavaThread "Thread-16"                  daemon [_thread_in_native, id=21488, stack(0x000000dce6400000,0x000000dce6500000) (1024K)]
  0x0000020f896005c0 JavaThread "Thread-17"                  daemon [_thread_in_native, id=23672, stack(0x000000dce6500000,0x000000dce6600000) (1024K)]
  0x0000020f895fd140 JavaThread "Thread-18"                  daemon [_thread_in_native, id=5824, stack(0x000000dce6600000,0x000000dce6700000) (1024K)]
  0x0000020f89602000 JavaThread "pool-2-thread-1"                   [_thread_blocked, id=8944, stack(0x000000dce6800000,0x000000dce6900000) (1024K)]
  0x0000020f896033b0 JavaThread "WorkspaceEventsHandler"            [_thread_blocked, id=24412, stack(0x000000dce6b00000,0x000000dce6c00000) (1024K)]
  0x0000020f89600c50 JavaThread "pool-1-thread-1"                   [_thread_blocked, id=27380, stack(0x000000dce6c00000,0x000000dce6d00000) (1024K)]
  0x0000020f844bcbb0 JavaThread "Timer-0"                           [_thread_blocked, id=3204, stack(0x000000dce6900000,0x000000dce6a00000) (1024K)]
  0x0000020f899f1bb0 JavaThread "Timer-1"                           [_thread_blocked, id=20104, stack(0x000000dce4000000,0x000000dce4100000) (1024K)]
  0x0000020f899ef450 JavaThread "Timer-2"                           [_thread_blocked, id=13496, stack(0x000000dce4800000,0x000000dce4900000) (1024K)]
  0x0000020f899f2240 JavaThread "Timer-3"                           [_thread_blocked, id=13120, stack(0x000000dce6e00000,0x000000dce6f00000) (1024K)]
  0x0000020f899eedc0 JavaThread "Timer-4"                           [_thread_blocked, id=8292, stack(0x000000dce6f00000,0x000000dce7000000) (1024K)]
  0x0000020f899f28d0 JavaThread "Timer-5"                           [_thread_blocked, id=2448, stack(0x000000dce2000000,0x000000dce2100000) (1024K)]
  0x0000020f899f49a0 JavaThread "Timer-6"                           [_thread_blocked, id=24920, stack(0x000000dce3e00000,0x000000dce3f00000) (1024K)]
  0x0000020f899f5030 JavaThread "Timer-7"                           [_thread_blocked, id=24396, stack(0x000000dce4f00000,0x000000dce5000000) (1024K)]
  0x0000020f844bd240 JavaThread "Worker-8"                          [_thread_blocked, id=26600, stack(0x000000dce1f00000,0x000000dce2000000) (1024K)]
  0x0000020f869942f0 JavaThread "ForkJoinPool.commonPool-worker-5" daemon [_thread_blocked, id=28180, stack(0x000000dce4400000,0x000000dce4500000) (1024K)]
  0x0000020f844bd8d0 JavaThread "Worker-9"                          [_thread_blocked, id=28168, stack(0x000000dce1e00000,0x000000dce1f00000) (1024K)]
Total: 52

Other Threads:
  0x0000020fa0bb1ab0 VMThread "VM Thread"                           [id=2936, stack(0x000000dce2400000,0x000000dce2500000) (1024K)]
  0x0000020fa099ca00 WatcherThread "VM Periodic Task Thread"        [id=17912, stack(0x000000dce2300000,0x000000dce2400000) (1024K)]
  0x0000020fa0b2d580 WorkerThread "GC Thread#0"                     [id=4620, stack(0x000000dce2200000,0x000000dce2300000) (1024K)]
  0x0000020f84610810 WorkerThread "GC Thread#1"                     [id=14048, stack(0x000000dce3400000,0x000000dce3500000) (1024K)]
  0x0000020f844929e0 WorkerThread "GC Thread#2"                     [id=26848, stack(0x000000dce3500000,0x000000dce3600000) (1024K)]
  0x0000020f84492d80 WorkerThread "GC Thread#3"                     [id=27392, stack(0x000000dce3600000,0x000000dce3700000) (1024K)]
  0x0000020f84493120 WorkerThread "GC Thread#4"                     [id=12096, stack(0x000000dce3700000,0x000000dce3800000) (1024K)]
  0x0000020f84610fc0 WorkerThread "GC Thread#5"                     [id=23032, stack(0x000000dce3800000,0x000000dce3900000) (1024K)]
  0x0000020f84611360 WorkerThread "GC Thread#6"                     [id=21184, stack(0x000000dce3900000,0x000000dce3a00000) (1024K)]
  0x0000020f84b92ce0 WorkerThread "GC Thread#7"                     [id=11648, stack(0x000000dce3a00000,0x000000dce3b00000) (1024K)]
  0x0000020f840d4aa0 WorkerThread "GC Thread#8"                     [id=11256, stack(0x000000dce3300000,0x000000dce3400000) (1024K)]
  0x0000020f84aefd90 WorkerThread "GC Thread#9"                     [id=25872, stack(0x000000dce3c00000,0x000000dce3d00000) (1024K)]
  0x0000020f84af0870 WorkerThread "GC Thread#10"                    [id=11032, stack(0x000000dce3d00000,0x000000dce3e00000) (1024K)]
  0x0000020f84af0130 WorkerThread "GC Thread#11"                    [id=27240, stack(0x000000dce4100000,0x000000dce4200000) (1024K)]
  0x0000020f84af0fb0 WorkerThread "GC Thread#12"                    [id=25404, stack(0x000000dce4300000,0x000000dce4400000) (1024K)]
Total: 15

Threads with active compile tasks:
Total: 0

VM state: not at safepoint (normal execution)

VM Mutex/Monitor currently owned by a thread: None

Heap address: 0x0000000080000000, size: 2048 MB, Compressed Oops mode: 32-bit

CDS archive(s) mapped at: [0x0000020fb8000000-0x0000020fb8ba0000-0x0000020fb8ba0000), size 12189696, SharedBaseAddress: 0x0000020fb8000000, ArchiveRelocationMode: 1.
Compressed class space mapped at: 0x0000020fb9000000-0x0000020ff9000000, reserved size: 1073741824
Narrow klass base: 0x0000020fb8000000, Narrow klass shift: 0, Narrow klass range: 0x100000000

GC Precious Log:
 CardTable entry size: 512
 CPUs: 16 total, 16 available
 Memory: 16052M
 Large Page Support: Disabled
 NUMA Support: Disabled
 Compressed Oops: Enabled (32-bit)
 Alignments: Space 512K, Generation 512K, Heap 2M
 Heap Min Capacity: 100M
 Heap Initial Capacity: 100M
 Heap Max Capacity: 2G
 Pre-touch: Disabled
 Parallel Workers: 13

Heap:
 PSYoungGen      total 10752K, used 1553K [0x00000000d5580000, 0x00000000d6380000, 0x0000000100000000)
  eden space 7168K, 16% used [0x00000000d5580000,0x00000000d56ac770,0x00000000d5c80000)
  from space 3584K, 9% used [0x00000000d5e80000,0x00000000d5ed8000,0x00000000d6200000)
  to   space 1536K, 0% used [0x00000000d6200000,0x00000000d6200000,0x00000000d6380000)
 ParOldGen       total 447488K, used 447104K [0x0000000080000000, 0x000000009b500000, 0x00000000d5580000)
  object space 447488K, 99% used [0x0000000080000000,0x000000009b4a0020,0x000000009b500000)
 Metaspace       used 77488K, committed 79104K, reserved 1179648K
  class space    used 9476K, committed 10176K, reserved 1048576K

Card table byte_map: [0x0000020fa04b0000,0x0000020fa08c0000] _byte_map_base: 0x0000020fa00b0000

Marking Bits: (ParMarkBitMap*) 0x00007ff9a47aa340
 Begin Bits: [0x0000020fb2fb0000, 0x0000020fb4fb0000)
 End Bits:   [0x0000020fb4fb0000, 0x0000020fb6fb0000)

Polling page: 0x0000020f9e910000

Metaspace:

Usage:
  Non-class:     66.42 MB used.
      Class:      9.25 MB used.
       Both:     75.67 MB used.

Virtual space:
  Non-class space:      128.00 MB reserved,      67.31 MB ( 53%) committed,  2 nodes.
      Class space:        1.00 GB reserved,       9.94 MB ( <1%) committed,  1 nodes.
             Both:        1.12 GB reserved,      77.25 MB (  7%) committed. 

Chunk freelists:
   Non-Class:  12.48 MB
       Class:  5.92 MB
        Both:  18.39 MB

MaxMetaspaceSize: unlimited
CompressedClassSpaceSize: 1.00 GB
Initial GC threshold: 21.00 MB
Current GC threshold: 97.31 MB
CDS: on
 - commit_granule_bytes: 65536.
 - commit_granule_words: 8192.
 - virtual_space_node_default_size: 8388608.
 - enlarge_chunks_in_place: 1.
 - use_allocation_guard: 0.


Internal statistics:

num_allocs_failed_limit: 9.
num_arena_births: 1398.
num_arena_deaths: 44.
num_vsnodes_births: 3.
num_vsnodes_deaths: 0.
num_space_committed: 1236.
num_space_uncommitted: 0.
num_chunks_returned_to_freelist: 63.
num_chunks_taken_from_freelist: 4741.
num_chunk_merges: 12.
num_chunk_splits: 3009.
num_chunks_enlarged: 1825.
num_inconsistent_stats: 0.

CodeHeap 'non-profiled nmethods': size=119168Kb used=10761Kb max_used=10761Kb free=108406Kb
 bounds [0x0000020fab8a0000, 0x0000020fac330000, 0x0000020fb2d00000]
CodeHeap 'profiled nmethods': size=119104Kb used=23909Kb max_used=23909Kb free=95194Kb
 bounds [0x0000020fa3d00000, 0x0000020fa5460000, 0x0000020fab150000]
CodeHeap 'non-nmethods': size=7488Kb used=1463Kb max_used=3201Kb free=6024Kb
 bounds [0x0000020fab150000, 0x0000020fab480000, 0x0000020fab8a0000]
CodeCache: size=245760Kb, used=36133Kb, max_used=37871Kb, free=209624Kb
 total_blobs=12187, nmethods=11412, adapters=681, full_count=0
Compilation: enabled, stopped_count=0, restarted_count=0

Compilation events (20 events):
Event: 3364.872 Thread 0x0000020ff9944760 nmethod 12232 0x0000020fa5457710 code [0x0000020fa54578e0, 0x0000020fa5457b30]
Event: 3364.874 Thread 0x0000020ff990cfe0 nmethod 12231 0x0000020fac320e90 code [0x0000020fac321040, 0x0000020fac321298]
Event: 3364.874 Thread 0x0000020ff990cfe0 12233       4       sun.security.provider.MD5::GG (27 bytes)
Event: 3364.875 Thread 0x0000020ff990cfe0 nmethod 12233 0x0000020fac321490 code [0x0000020fac321600, 0x0000020fac321688]
Event: 3364.973 Thread 0x0000020ff9944760 12234       1       org.eclipse.core.internal.events.InternalBuilder::getNatureId (5 bytes)
Event: 3364.974 Thread 0x0000020ff9944760 nmethod 12234 0x0000020fac321790 code [0x0000020fac321920, 0x0000020fac3219e8]
Event: 3364.974 Thread 0x0000020ff9944760 12235       1       org.eclipse.core.internal.events.InternalBuilder::setContext (6 bytes)
Event: 3364.974 Thread 0x0000020ff9944760 nmethod 12235 0x0000020fac321a90 code [0x0000020fac321c20, 0x0000020fac321d00]
Event: 3364.974 Thread 0x0000020ff9944760 12236       1       org.eclipse.core.internal.events.InternalBuilder::setInterestingProjects (6 bytes)
Event: 3364.976 Thread 0x0000020ff9944760 nmethod 12236 0x0000020fac321d90 code [0x0000020fac321f20, 0x0000020fac322000]
Event: 3364.976 Thread 0x0000020ff9944760 12239       3       java.lang.invoke.LambdaForm$DMH/0x0000020fb91b3000::newInvokeSpecial (32 bytes)
Event: 3364.977 Thread 0x0000020ff9944760 nmethod 12239 0x0000020fa5457c90 code [0x0000020fa5457e80, 0x0000020fa5458638]
Event: 3364.977 Thread 0x0000020ff9944760 12240       3       org.apache.commons.lang3.StringUtils::defaultIfBlank (13 bytes)
Event: 3364.979 Thread 0x0000020ff9944760 nmethod 12240 0x0000020fa5458810 code [0x0000020fa54589c0, 0x0000020fa5458b38]
Event: 3364.979 Thread 0x0000020ff9944760 12237       1       org.eclipse.core.internal.events.InternalBuilder::wasForgetStateRequested (5 bytes)
Event: 3364.979 Thread 0x0000020ff9944760 nmethod 12237 0x0000020fac322090 code [0x0000020fac322220, 0x0000020fac3222f0]
Event: 3364.979 Thread 0x0000020ff9944760 12238       1       org.eclipse.core.internal.events.InternalBuilder::wasRememberStateRequested (5 bytes)
Event: 3364.979 Thread 0x0000020ff9944760 nmethod 12238 0x0000020fac322390 code [0x0000020fac322520, 0x0000020fac3225f0]
Event: 3364.979 Thread 0x0000020ff9944760 12241       3       org.eclipse.jdt.internal.core.DeltaProcessingState::getDeltaProcessor (39 bytes)
Event: 3364.982 Thread 0x0000020ff9944760 nmethod 12241 0x0000020fa5458c10 code [0x0000020fa5458e00, 0x0000020fa5459328]

GC Heap History (20 events):
Event: 99.201 GC heap before
{Heap before GC invocations=601 (full 3):
 PSYoungGen      total 7680K, used 7360K [0x00000000d5580000, 0x00000000d5e00000, 0x0000000100000000)
  eden space 7168K, 100% used [0x00000000d5580000,0x00000000d5c80000,0x00000000d5c80000)
  from space 512K, 37% used [0x00000000d5d00000,0x00000000d5d30000,0x00000000d5d80000)
  to   space 512K, 0% used [0x00000000d5d80000,0x00000000d5d80000,0x00000000d5e00000)
 ParOldGen       total 437760K, used 437482K [0x0000000080000000, 0x000000009ab80000, 0x00000000d5580000)
  object space 437760K, 99% used [0x0000000080000000,0x000000009ab3a8e8,0x000000009ab80000)
 Metaspace       used 75805K, committed 77376K, reserved 1179648K
  class space    used 9295K, committed 9920K, reserved 1048576K
}
Event: 99.204 GC heap after
{Heap after GC invocations=601 (full 3):
 PSYoungGen      total 7680K, used 480K [0x00000000d5580000, 0x00000000d5e80000, 0x0000000100000000)
  eden space 7168K, 0% used [0x00000000d5580000,0x00000000d5580000,0x00000000d5c80000)
  from space 512K, 93% used [0x00000000d5d80000,0x00000000d5df8000,0x00000000d5e00000)
  to   space 1024K, 0% used [0x00000000d5c80000,0x00000000d5c80000,0x00000000d5d80000)
 ParOldGen       total 437760K, used 437490K [0x0000000080000000, 0x000000009ab80000, 0x00000000d5580000)
  object space 437760K, 99% used [0x0000000080000000,0x000000009ab3c8e8,0x000000009ab80000)
 Metaspace       used 75805K, committed 77376K, reserved 1179648K
  class space    used 9295K, committed 9920K, reserved 1048576K
}
Event: 99.362 GC heap before
{Heap before GC invocations=602 (full 3):
 PSYoungGen      total 7680K, used 7648K [0x00000000d5580000, 0x00000000d5e80000, 0x0000000100000000)
  eden space 7168K, 100% used [0x00000000d5580000,0x00000000d5c80000,0x00000000d5c80000)
  from space 512K, 93% used [0x00000000d5d80000,0x00000000d5df8000,0x00000000d5e00000)
  to   space 1024K, 0% used [0x00000000d5c80000,0x00000000d5c80000,0x00000000d5d80000)
 ParOldGen       total 437760K, used 437490K [0x0000000080000000, 0x000000009ab80000, 0x00000000d5580000)
  object space 437760K, 99% used [0x0000000080000000,0x000000009ab3c8e8,0x000000009ab80000)
 Metaspace       used 76377K, committed 77952K, reserved 1179648K
  class space    used 9366K, committed 10048K, reserved 1048576K
}
Event: 99.366 GC heap after
{Heap after GC invocations=602 (full 3):
 PSYoungGen      total 8192K, used 1021K [0x00000000d5580000, 0x00000000d6180000, 0x0000000100000000)
  eden space 7168K, 0% used [0x00000000d5580000,0x00000000d5580000,0x00000000d5c80000)
  from space 1024K, 99% used [0x00000000d5c80000,0x00000000d5d7f770,0x00000000d5d80000)
  to   space 2560K, 0% used [0x00000000d5f00000,0x00000000d5f00000,0x00000000d6180000)
 ParOldGen       total 438784K, used 438500K [0x0000000080000000, 0x000000009ac80000, 0x00000000d5580000)
  object space 438784K, 99% used [0x0000000080000000,0x000000009ac391a8,0x000000009ac80000)
 Metaspace       used 76377K, committed 77952K, reserved 1179648K
  class space    used 9366K, committed 10048K, reserved 1048576K
}
Event: 127.398 GC heap before
{Heap before GC invocations=603 (full 3):
 PSYoungGen      total 8192K, used 8189K [0x00000000d5580000, 0x00000000d6180000, 0x0000000100000000)
  eden space 7168K, 100% used [0x00000000d5580000,0x00000000d5c80000,0x00000000d5c80000)
  from space 1024K, 99% used [0x00000000d5c80000,0x00000000d5d7f770,0x00000000d5d80000)
  to   space 2560K, 0% used [0x00000000d5f00000,0x00000000d5f00000,0x00000000d6180000)
 ParOldGen       total 438784K, used 438500K [0x0000000080000000, 0x000000009ac80000, 0x00000000d5580000)
  object space 438784K, 99% used [0x0000000080000000,0x000000009ac391a8,0x000000009ac80000)
 Metaspace       used 76871K, committed 78464K, reserved 1179648K
  class space    used 9435K, committed 10112K, reserved 1048576K
}
Event: 127.400 GC heap after
{Heap after GC invocations=603 (full 3):
 PSYoungGen      total 7680K, used 384K [0x00000000d5580000, 0x00000000d5f80000, 0x0000000100000000)
  eden space 7168K, 0% used [0x00000000d5580000,0x00000000d5580000,0x00000000d5c80000)
  from space 512K, 75% used [0x00000000d5f00000,0x00000000d5f60000,0x00000000d5f80000)
  to   space 1024K, 0% used [0x00000000d5d80000,0x00000000d5d80000,0x00000000d5e80000)
 ParOldGen       total 439296K, used 438818K [0x0000000080000000, 0x000000009ad00000, 0x00000000d5580000)
  object space 439296K, 99% used [0x0000000080000000,0x000000009ac88b78,0x000000009ad00000)
 Metaspace       used 76871K, committed 78464K, reserved 1179648K
  class space    used 9435K, committed 10112K, reserved 1048576K
}
Event: 1511.574 GC heap before
{Heap before GC invocations=604 (full 3):
 PSYoungGen      total 7680K, used 7552K [0x00000000d5580000, 0x00000000d5f80000, 0x0000000100000000)
  eden space 7168K, 100% used [0x00000000d5580000,0x00000000d5c80000,0x00000000d5c80000)
  from space 512K, 75% used [0x00000000d5f00000,0x00000000d5f60000,0x00000000d5f80000)
  to   space 1024K, 0% used [0x00000000d5d80000,0x00000000d5d80000,0x00000000d5e80000)
 ParOldGen       total 439296K, used 438818K [0x0000000080000000, 0x000000009ad00000, 0x00000000d5580000)
  object space 439296K, 99% used [0x0000000080000000,0x000000009ac88b78,0x000000009ad00000)
 Metaspace       used 77116K, committed 78720K, reserved 1179648K
  class space    used 9459K, committed 10176K, reserved 1048576K
}
Event: 1511.768 GC heap after
{Heap after GC invocations=604 (full 3):
 PSYoungGen      total 8192K, used 416K [0x00000000d5580000, 0x00000000d5f80000, 0x0000000100000000)
  eden space 7168K, 0% used [0x00000000d5580000,0x00000000d5580000,0x00000000d5c80000)
  from space 1024K, 40% used [0x00000000d5d80000,0x00000000d5de8000,0x00000000d5e80000)
  to   space 512K, 0% used [0x00000000d5f00000,0x00000000d5f00000,0x00000000d5f80000)
 ParOldGen       total 439296K, used 438995K [0x0000000080000000, 0x000000009ad00000, 0x00000000d5580000)
  object space 439296K, 99% used [0x0000000080000000,0x000000009acb4d28,0x000000009ad00000)
 Metaspace       used 77116K, committed 78720K, reserved 1179648K
  class space    used 9459K, committed 10176K, reserved 1048576K
}
Event: 2359.421 GC heap before
{Heap before GC invocations=605 (full 3):
 PSYoungGen      total 8192K, used 7584K [0x00000000d5580000, 0x00000000d5f80000, 0x0000000100000000)
  eden space 7168K, 100% used [0x00000000d5580000,0x00000000d5c80000,0x00000000d5c80000)
  from space 1024K, 40% used [0x00000000d5d80000,0x00000000d5de8000,0x00000000d5e80000)
  to   space 512K, 0% used [0x00000000d5f00000,0x00000000d5f00000,0x00000000d5f80000)
 ParOldGen       total 439296K, used 438995K [0x0000000080000000, 0x000000009ad00000, 0x00000000d5580000)
  object space 439296K, 99% used [0x0000000080000000,0x000000009acb4d28,0x000000009ad00000)
 Metaspace       used 77260K, committed 78912K, reserved 1179648K
  class space    used 9464K, committed 10176K, reserved 1048576K
}
Event: 2359.519 GC heap after
{Heap after GC invocations=605 (full 3):
 PSYoungGen      total 7680K, used 416K [0x00000000d5580000, 0x00000000d5f80000, 0x0000000100000000)
  eden space 7168K, 0% used [0x00000000d5580000,0x00000000d5580000,0x00000000d5c80000)
  from space 512K, 81% used [0x00000000d5f00000,0x00000000d5f68000,0x00000000d5f80000)
  to   space 512K, 0% used [0x00000000d5e80000,0x00000000d5e80000,0x00000000d5f00000)
 ParOldGen       total 439296K, used 439115K [0x0000000080000000, 0x000000009ad00000, 0x00000000d5580000)
  object space 439296K, 99% used [0x0000000080000000,0x000000009acd2d28,0x000000009ad00000)
 Metaspace       used 77260K, committed 78912K, reserved 1179648K
  class space    used 9464K, committed 10176K, reserved 1048576K
}
Event: 2919.028 GC heap before
{Heap before GC invocations=606 (full 3):
 PSYoungGen      total 7680K, used 7584K [0x00000000d5580000, 0x00000000d5f80000, 0x0000000100000000)
  eden space 7168K, 100% used [0x00000000d5580000,0x00000000d5c80000,0x00000000d5c80000)
  from space 512K, 81% used [0x00000000d5f00000,0x00000000d5f68000,0x00000000d5f80000)
  to   space 512K, 0% used [0x00000000d5e80000,0x00000000d5e80000,0x00000000d5f00000)
 ParOldGen       total 439296K, used 439115K [0x0000000080000000, 0x000000009ad00000, 0x00000000d5580000)
  object space 439296K, 99% used [0x0000000080000000,0x000000009acd2d28,0x000000009ad00000)
 Metaspace       used 77331K, committed 78976K, reserved 1179648K
  class space    used 9466K, committed 10176K, reserved 1048576K
}
Event: 2919.045 GC heap after
{Heap after GC invocations=606 (full 3):
 PSYoungGen      total 7680K, used 416K [0x00000000d5580000, 0x00000000d5f80000, 0x0000000100000000)
  eden space 7168K, 0% used [0x00000000d5580000,0x00000000d5580000,0x00000000d5c80000)
  from space 512K, 81% used [0x00000000d5e80000,0x00000000d5ee8000,0x00000000d5f00000)
  to   space 512K, 0% used [0x00000000d5f00000,0x00000000d5f00000,0x00000000d5f80000)
 ParOldGen       total 439296K, used 439203K [0x0000000080000000, 0x000000009ad00000, 0x00000000d5580000)
  object space 439296K, 99% used [0x0000000080000000,0x000000009ace8d28,0x000000009ad00000)
 Metaspace       used 77331K, committed 78976K, reserved 1179648K
  class space    used 9466K, committed 10176K, reserved 1048576K
}
Event: 3230.242 GC heap before
{Heap before GC invocations=607 (full 3):
 PSYoungGen      total 7680K, used 7584K [0x00000000d5580000, 0x00000000d5f80000, 0x0000000100000000)
  eden space 7168K, 100% used [0x00000000d5580000,0x00000000d5c80000,0x00000000d5c80000)
  from space 512K, 81% used [0x00000000d5e80000,0x00000000d5ee8000,0x00000000d5f00000)
  to   space 512K, 0% used [0x00000000d5f00000,0x00000000d5f00000,0x00000000d5f80000)
 ParOldGen       total 439296K, used 439203K [0x0000000080000000, 0x000000009ad00000, 0x00000000d5580000)
  object space 439296K, 99% used [0x0000000080000000,0x000000009ace8d28,0x000000009ad00000)
 Metaspace       used 77449K, committed 79040K, reserved 1179648K
  class space    used 9474K, committed 10176K, reserved 1048576K
}
Event: 3230.314 GC heap after
{Heap after GC invocations=607 (full 3):
 PSYoungGen      total 7680K, used 512K [0x00000000d5580000, 0x00000000d5f80000, 0x0000000100000000)
  eden space 7168K, 0% used [0x00000000d5580000,0x00000000d5580000,0x00000000d5c80000)
  from space 512K, 100% used [0x00000000d5f00000,0x00000000d5f80000,0x00000000d5f80000)
  to   space 1536K, 0% used [0x00000000d5c80000,0x00000000d5c80000,0x00000000d5e00000)
 ParOldGen       total 439808K, used 439697K [0x0000000080000000, 0x000000009ad80000, 0x00000000d5580000)
  object space 439808K, 99% used [0x0000000080000000,0x000000009ad64478,0x000000009ad80000)
 Metaspace       used 77449K, committed 79040K, reserved 1179648K
  class space    used 9474K, committed 10176K, reserved 1048576K
}
Event: 3230.330 GC heap before
{Heap before GC invocations=608 (full 3):
 PSYoungGen      total 7680K, used 7680K [0x00000000d5580000, 0x00000000d5f80000, 0x0000000100000000)
  eden space 7168K, 100% used [0x00000000d5580000,0x00000000d5c80000,0x00000000d5c80000)
  from space 512K, 100% used [0x00000000d5f00000,0x00000000d5f80000,0x00000000d5f80000)
  to   space 1536K, 0% used [0x00000000d5c80000,0x00000000d5c80000,0x00000000d5e00000)
 ParOldGen       total 439808K, used 439697K [0x0000000080000000, 0x000000009ad80000, 0x00000000d5580000)
  object space 439808K, 99% used [0x0000000080000000,0x000000009ad64478,0x000000009ad80000)
 Metaspace       used 77449K, committed 79040K, reserved 1179648K
  class space    used 9474K, committed 10176K, reserved 1048576K
}
Event: 3230.336 GC heap after
{Heap after GC invocations=608 (full 3):
 PSYoungGen      total 8704K, used 1534K [0x00000000d5580000, 0x00000000d6980000, 0x0000000100000000)
  eden space 7168K, 0% used [0x00000000d5580000,0x00000000d5580000,0x00000000d5c80000)
  from space 1536K, 99% used [0x00000000d5c80000,0x00000000d5dffba8,0x00000000d5e00000)
  to   space 6656K, 0% used [0x00000000d6300000,0x00000000d6300000,0x00000000d6980000)
 ParOldGen       total 443904K, used 443624K [0x0000000080000000, 0x000000009b180000, 0x00000000d5580000)
  object space 443904K, 99% used [0x0000000080000000,0x000000009b13a020,0x000000009b180000)
 Metaspace       used 77449K, committed 79040K, reserved 1179648K
  class space    used 9474K, committed 10176K, reserved 1048576K
}
Event: 3230.361 GC heap before
{Heap before GC invocations=609 (full 3):
 PSYoungGen      total 8704K, used 8702K [0x00000000d5580000, 0x00000000d6980000, 0x0000000100000000)
  eden space 7168K, 100% used [0x00000000d5580000,0x00000000d5c80000,0x00000000d5c80000)
  from space 1536K, 99% used [0x00000000d5c80000,0x00000000d5dffba8,0x00000000d5e00000)
  to   space 6656K, 0% used [0x00000000d6300000,0x00000000d6300000,0x00000000d6980000)
 ParOldGen       total 443904K, used 443624K [0x0000000080000000, 0x000000009b180000, 0x00000000d5580000)
  object space 443904K, 99% used [0x0000000080000000,0x000000009b13a020,0x000000009b180000)
 Metaspace       used 77461K, committed 79040K, reserved 1179648K
  class space    used 9475K, committed 10176K, reserved 1048576K
}
Event: 3230.364 GC heap after
{Heap after GC invocations=609 (full 3):
 PSYoungGen      total 9728K, used 2266K [0x00000000d5580000, 0x00000000d6580000, 0x0000000100000000)
  eden space 7168K, 0% used [0x00000000d5580000,0x00000000d5580000,0x00000000d5c80000)
  from space 2560K, 88% used [0x00000000d6300000,0x00000000d6536b48,0x00000000d6580000)
  to   space 3584K, 0% used [0x00000000d5e80000,0x00000000d5e80000,0x00000000d6200000)
 ParOldGen       total 445440K, used 445056K [0x0000000080000000, 0x000000009b300000, 0x00000000d5580000)
  object space 445440K, 99% used [0x0000000080000000,0x000000009b2a0020,0x000000009b300000)
 Metaspace       used 77461K, committed 79040K, reserved 1179648K
  class space    used 9475K, committed 10176K, reserved 1048576K
}
Event: 3300.704 GC heap before
{Heap before GC invocations=610 (full 3):
 PSYoungGen      total 9728K, used 9434K [0x00000000d5580000, 0x00000000d6580000, 0x0000000100000000)
  eden space 7168K, 100% used [0x00000000d5580000,0x00000000d5c80000,0x00000000d5c80000)
  from space 2560K, 88% used [0x00000000d6300000,0x00000000d6536b48,0x00000000d6580000)
  to   space 3584K, 0% used [0x00000000d5e80000,0x00000000d5e80000,0x00000000d6200000)
 ParOldGen       total 445440K, used 445056K [0x0000000080000000, 0x000000009b300000, 0x00000000d5580000)
  object space 445440K, 99% used [0x0000000080000000,0x000000009b2a0020,0x000000009b300000)
 Metaspace       used 77475K, committed 79104K, reserved 1179648K
  class space    used 9475K, committed 10176K, reserved 1048576K
}
Event: 3300.707 GC heap after
{Heap after GC invocations=610 (full 3):
 PSYoungGen      total 10752K, used 352K [0x00000000d5580000, 0x00000000d6380000, 0x0000000100000000)
  eden space 7168K, 0% used [0x00000000d5580000,0x00000000d5580000,0x00000000d5c80000)
  from space 3584K, 9% used [0x00000000d5e80000,0x00000000d5ed8000,0x00000000d6200000)
  to   space 1536K, 0% used [0x00000000d6200000,0x00000000d6200000,0x00000000d6380000)
 ParOldGen       total 447488K, used 447104K [0x0000000080000000, 0x000000009b500000, 0x00000000d5580000)
  object space 447488K, 99% used [0x0000000080000000,0x000000009b4a0020,0x000000009b500000)
 Metaspace       used 77475K, committed 79104K, reserved 1179648K
  class space    used 9475K, committed 10176K, reserved 1048576K
}

Dll operation events (15 events):
Event: 0.026 Loaded shared library c:\Users\deniz\.cursor\extensions\redhat.java-1.44.0-win32-x64\jre\21.0.8-win32-x86_64\bin\java.dll
Event: 0.082 Loaded shared library c:\Users\deniz\.cursor\extensions\redhat.java-1.44.0-win32-x64\jre\21.0.8-win32-x86_64\bin\zip.dll
Event: 0.263 Loaded shared library C:\Users\deniz\.cursor\extensions\redhat.java-1.44.0-win32-x64\jre\21.0.8-win32-x86_64\bin\instrument.dll
Event: 0.282 Loaded shared library C:\Users\deniz\.cursor\extensions\redhat.java-1.44.0-win32-x64\jre\21.0.8-win32-x86_64\bin\net.dll
Event: 0.286 Loaded shared library C:\Users\deniz\.cursor\extensions\redhat.java-1.44.0-win32-x64\jre\21.0.8-win32-x86_64\bin\nio.dll
Event: 0.293 Loaded shared library C:\Users\deniz\.cursor\extensions\redhat.java-1.44.0-win32-x64\jre\21.0.8-win32-x86_64\bin\zip.dll
Event: 0.344 Loaded shared library C:\Users\deniz\.cursor\extensions\redhat.java-1.44.0-win32-x64\jre\21.0.8-win32-x86_64\bin\jimage.dll
Event: 0.517 Loaded shared library c:\Users\deniz\.cursor\extensions\redhat.java-1.44.0-win32-x64\jre\21.0.8-win32-x86_64\bin\verify.dll
Event: 13.222 Loaded shared library C:\Users\deniz\AppData\Roaming\Cursor\User\globalStorage\redhat.java\1.44.0\config_win\org.eclipse.equinox.launcher\org.eclipse.equinox.launcher.win32.win32.x86_64_1.2.1400.v20250730-1736\eclipse_11913.dll
Event: 34.082 Loaded shared library C:\Users\deniz\AppData\Local\Temp\jna-95470078\jna10958665447649833071.dll
Event: 37.328 Loaded shared library C:\Users\deniz\.cursor\extensions\redhat.java-1.44.0-win32-x64\jre\21.0.8-win32-x86_64\bin\sunmscapi.dll
Event: 38.436 Loaded shared library C:\Users\deniz\.cursor\extensions\redhat.java-1.44.0-win32-x64\jre\21.0.8-win32-x86_64\bin\extnet.dll
Event: 49.283 Loaded shared library C:\Users\deniz\.gradle\native\c067742578af261105cb4f569cf0c3c89f3d7b1fecec35dd04571415982c5e48\windows-amd64\native-platform.dll
Event: 52.081 Loaded shared library C:\Users\deniz\.cursor\extensions\redhat.java-1.44.0-win32-x64\jre\21.0.8-win32-x86_64\bin\management.dll
Event: 52.088 Loaded shared library C:\Users\deniz\.cursor\extensions\redhat.java-1.44.0-win32-x64\jre\21.0.8-win32-x86_64\bin\management_ext.dll

Deoptimization events (20 events):
Event: 3230.387 Thread 0x0000020f844bd8d0 DEOPT PACKING pc=0x0000020fa5430bc5 sp=0x000000dce42fede0
Event: 3230.387 Thread 0x0000020f844bd8d0 DEOPT UNPACKING pc=0x0000020fab1a4242 sp=0x000000dce42fe268 mode 0
Event: 3230.387 Thread 0x0000020f844bd8d0 DEOPT PACKING pc=0x0000020fa54314a8 sp=0x000000dce42fed70
Event: 3230.387 Thread 0x0000020f844bd8d0 DEOPT UNPACKING pc=0x0000020fab1a4242 sp=0x000000dce42fe208 mode 0
Event: 3230.388 Thread 0x0000020f844bd8d0 DEOPT PACKING pc=0x0000020fa5430bc5 sp=0x000000dce42fede0
Event: 3230.388 Thread 0x0000020f844bd8d0 DEOPT UNPACKING pc=0x0000020fab1a4242 sp=0x000000dce42fe268 mode 0
Event: 3230.388 Thread 0x0000020f844bd8d0 DEOPT PACKING pc=0x0000020fa54314a8 sp=0x000000dce42fed70
Event: 3230.388 Thread 0x0000020f844bd8d0 DEOPT UNPACKING pc=0x0000020fab1a4242 sp=0x000000dce42fe208 mode 0
Event: 3230.389 Thread 0x0000020f844bd8d0 DEOPT PACKING pc=0x0000020fa5430bc5 sp=0x000000dce42fede0
Event: 3230.389 Thread 0x0000020f844bd8d0 DEOPT UNPACKING pc=0x0000020fab1a4242 sp=0x000000dce42fe268 mode 0
Event: 3230.389 Thread 0x0000020f844bd8d0 DEOPT PACKING pc=0x0000020fa54314a8 sp=0x000000dce42fed70
Event: 3230.389 Thread 0x0000020f844bd8d0 DEOPT UNPACKING pc=0x0000020fab1a4242 sp=0x000000dce42fe208 mode 0
Event: 3230.390 Thread 0x0000020f844bd8d0 DEOPT PACKING pc=0x0000020fa54314a8 sp=0x000000dce42fed70
Event: 3230.390 Thread 0x0000020f844bd8d0 DEOPT UNPACKING pc=0x0000020fab1a4242 sp=0x000000dce42fe208 mode 0
Event: 3230.390 Thread 0x0000020f844bd8d0 DEOPT PACKING pc=0x0000020fa54314a8 sp=0x000000dce42fed70
Event: 3230.390 Thread 0x0000020f844bd8d0 DEOPT UNPACKING pc=0x0000020fab1a4242 sp=0x000000dce42fe208 mode 0
Event: 3300.367 Thread 0x0000020f844bb800 Uncommon trap: trap_request=0x00000087 fr.pc=0x0000020fac2d2574 relative=0x0000000000000374
Event: 3300.367 Thread 0x0000020f844bb800 Uncommon trap: reason=unloaded action=reinterpret pc=0x0000020fac2d2574 method=org.eclipse.core.internal.resources.MarkerWriter.snap(Lorg/eclipse/core/internal/resources/ResourceInfo;Lorg/eclipse/core/internal/watson/IPathRequestor;Ljava/io/DataOutputStre
Event: 3300.367 Thread 0x0000020f844bb800 DEOPT PACKING pc=0x0000020fac2d2574 sp=0x000000dce4afef90
Event: 3300.369 Thread 0x0000020f844bb800 DEOPT UNPACKING pc=0x0000020fab1a3aa2 sp=0x000000dce4afed90 mode 2

Classes loaded (20 events):
Event: 99.345 Loading class java/util/stream/ReduceOps$CountingSink done
Event: 99.345 Loading class java/util/stream/ReduceOps$CountingSink$OfRef done
Event: 99.347 Loading class java/util/concurrent/ForkJoinTask$AdaptedCallable
Event: 99.347 Loading class java/util/concurrent/ForkJoinTask$AdaptedCallable done
Event: 99.388 Loading class java/util/stream/ReduceOps$1
Event: 99.388 Loading class java/util/stream/ReduceOps$1 done
Event: 99.389 Loading class java/util/stream/ReduceOps$1ReducingSink
Event: 99.389 Loading class java/util/stream/ReduceOps$1ReducingSink done
Event: 113.927 Loading class java/io/SequenceInputStream
Event: 113.927 Loading class java/io/SequenceInputStream done
Event: 344.481 Loading class java/util/stream/Nodes$CollectorTask$OfRef
Event: 344.482 Loading class java/util/stream/Nodes$CollectorTask
Event: 344.482 Loading class java/util/stream/Nodes$CollectorTask done
Event: 344.482 Loading class java/util/stream/Nodes$CollectorTask$OfRef done
Event: 344.483 Loading class java/util/function/LongFunction
Event: 344.483 Loading class java/util/function/LongFunction done
Event: 344.483 Loading class java/util/stream/Nodes$ConcNode
Event: 344.483 Loading class java/util/stream/Nodes$AbstractConcNode
Event: 344.483 Loading class java/util/stream/Nodes$AbstractConcNode done
Event: 344.483 Loading class java/util/stream/Nodes$ConcNode done

Classes unloaded (20 events):
Event: 35.203 Thread 0x0000020fa0bb1ab0 Unloading class 0x0000020fb91b2400 'java/lang/invoke/LambdaForm$MH+0x0000020fb91b2400'
Event: 35.203 Thread 0x0000020fa0bb1ab0 Unloading class 0x0000020fb91b2000 'java/lang/invoke/LambdaForm$MH+0x0000020fb91b2000'
Event: 35.203 Thread 0x0000020fa0bb1ab0 Unloading class 0x0000020fb91b1c00 'java/lang/invoke/LambdaForm$BMH+0x0000020fb91b1c00'
Event: 35.203 Thread 0x0000020fa0bb1ab0 Unloading class 0x0000020fb91b1800 'java/lang/invoke/LambdaForm$DMH+0x0000020fb91b1800'
Event: 35.203 Thread 0x0000020fa0bb1ab0 Unloading class 0x0000020fb91b0800 'java/lang/invoke/LambdaForm$DMH+0x0000020fb91b0800'
Event: 37.766 Thread 0x0000020fa0bb1ab0 Unloading class 0x0000020fb931a400 'java/lang/invoke/LambdaForm$MH+0x0000020fb931a400'
Event: 37.766 Thread 0x0000020fa0bb1ab0 Unloading class 0x0000020fb9319800 'java/lang/invoke/LambdaForm$MH+0x0000020fb9319800'
Event: 37.766 Thread 0x0000020fa0bb1ab0 Unloading class 0x0000020fb9319000 'java/lang/invoke/LambdaForm$MH+0x0000020fb9319000'
Event: 37.766 Thread 0x0000020fa0bb1ab0 Unloading class 0x0000020fb9318800 'java/lang/invoke/LambdaForm$MH+0x0000020fb9318800'
Event: 37.766 Thread 0x0000020fa0bb1ab0 Unloading class 0x0000020fb9318400 'java/lang/invoke/LambdaForm$DMH+0x0000020fb9318400'
Event: 37.766 Thread 0x0000020fa0bb1ab0 Unloading class 0x0000020fb9317800 'java/lang/invoke/LambdaForm$MH+0x0000020fb9317800'
Event: 37.766 Thread 0x0000020fa0bb1ab0 Unloading class 0x0000020fb9314000 'java/lang/invoke/LambdaForm$MH+0x0000020fb9314000'
Event: 37.766 Thread 0x0000020fa0bb1ab0 Unloading class 0x0000020fb9313800 'java/lang/invoke/LambdaForm$MH+0x0000020fb9313800'
Event: 37.766 Thread 0x0000020fa0bb1ab0 Unloading class 0x0000020fb9313000 'java/lang/invoke/LambdaForm$MH+0x0000020fb9313000'
Event: 37.766 Thread 0x0000020fa0bb1ab0 Unloading class 0x0000020fb9312800 'java/lang/invoke/LambdaForm$MH+0x0000020fb9312800'
Event: 37.766 Thread 0x0000020fa0bb1ab0 Unloading class 0x0000020fb9312400 'java/lang/invoke/LambdaForm$MH+0x0000020fb9312400'
Event: 37.766 Thread 0x0000020fa0bb1ab0 Unloading class 0x0000020fb9311800 'java/lang/invoke/LambdaForm$MH+0x0000020fb9311800'
Event: 37.766 Thread 0x0000020fa0bb1ab0 Unloading class 0x0000020fb9311000 'java/lang/invoke/LambdaForm$MH+0x0000020fb9311000'
Event: 37.766 Thread 0x0000020fa0bb1ab0 Unloading class 0x0000020fb9310c00 'java/lang/invoke/LambdaForm$MH+0x0000020fb9310c00'
Event: 37.766 Thread 0x0000020fa0bb1ab0 Unloading class 0x0000020fb9310400 'java/lang/invoke/LambdaForm$DMH+0x0000020fb9310400'

Classes redefined (0 events):
No events

Internal exceptions (20 events):
Event: 99.299 Thread 0x0000020f899f56c0 Exception <a 'sun/nio/fs/WindowsException'{0x00000000d5917fe8}> (0x00000000d5917fe8) 
thrown [s\src\hotspot\share\prims\jni.cpp, line 520]
Event: 99.303 Thread 0x0000020f844bd240 Exception <a 'sun/nio/fs/WindowsException'{0x00000000d5931bf0}> (0x00000000d5931bf0) 
thrown [s\src\hotspot\share\prims\jni.cpp, line 520]
Event: 99.303 Thread 0x0000020f844bd240 Exception <a 'sun/nio/fs/WindowsException'{0x00000000d5932240}> (0x00000000d5932240) 
thrown [s\src\hotspot\share\prims\jni.cpp, line 520]
Event: 99.304 Thread 0x0000020f844bd240 Exception <a 'sun/nio/fs/WindowsException'{0x00000000d5932dc8}> (0x00000000d5932dc8) 
thrown [s\src\hotspot\share\prims\jni.cpp, line 520]
Event: 99.304 Thread 0x0000020f844bd240 Exception <a 'sun/nio/fs/WindowsException'{0x00000000d5933418}> (0x00000000d5933418) 
thrown [s\src\hotspot\share\prims\jni.cpp, line 520]
Event: 99.305 Thread 0x0000020f844bd240 Exception <a 'sun/nio/fs/WindowsException'{0x00000000d59348c8}> (0x00000000d59348c8) 
thrown [s\src\hotspot\share\prims\jni.cpp, line 520]
Event: 99.305 Thread 0x0000020f844bd240 Exception <a 'sun/nio/fs/WindowsException'{0x00000000d5934f18}> (0x00000000d5934f18) 
thrown [s\src\hotspot\share\prims\jni.cpp, line 520]
Event: 99.313 Thread 0x0000020f844bd240 Exception <a 'sun/nio/fs/WindowsException'{0x00000000d59eb1a0}> (0x00000000d59eb1a0) 
thrown [s\src\hotspot\share\prims\jni.cpp, line 520]
Event: 99.313 Thread 0x0000020f844bd240 Exception <a 'sun/nio/fs/WindowsException'{0x00000000d59eb7f0}> (0x00000000d59eb7f0) 
thrown [s\src\hotspot\share\prims\jni.cpp, line 520]
Event: 99.313 Thread 0x0000020f844bd240 Exception <a 'sun/nio/fs/WindowsException'{0x00000000d59ec5e0}> (0x00000000d59ec5e0) 
thrown [s\src\hotspot\share\prims\jni.cpp, line 520]
Event: 99.313 Thread 0x0000020f844bd240 Exception <a 'sun/nio/fs/WindowsException'{0x00000000d59ecc30}> (0x00000000d59ecc30) 
thrown [s\src\hotspot\share\prims\jni.cpp, line 520]
Event: 99.314 Thread 0x0000020f844bd240 Exception <a 'sun/nio/fs/WindowsException'{0x00000000d59ee0e0}> (0x00000000d59ee0e0) 
thrown [s\src\hotspot\share\prims\jni.cpp, line 520]
Event: 99.314 Thread 0x0000020f844bd240 Exception <a 'sun/nio/fs/WindowsException'{0x00000000d59ee730}> (0x00000000d59ee730) 
thrown [s\src\hotspot\share\prims\jni.cpp, line 520]
Event: 99.350 Thread 0x0000020f844bd240 Exception <a 'sun/nio/fs/WindowsException'{0x00000000d5b40378}> (0x00000000d5b40378) 
thrown [s\src\hotspot\share\prims\jni.cpp, line 520]
Event: 99.350 Thread 0x0000020f844bd240 Exception <a 'sun/nio/fs/WindowsException'{0x00000000d5b409c8}> (0x00000000d5b409c8) 
thrown [s\src\hotspot\share\prims\jni.cpp, line 520]
Event: 113.913 Thread 0x0000020f896033b0 Exception <a 'java/lang/NoSuchMethodError'{0x00000000d5877aa8}: 'java.lang.Object java.lang.invoke.DirectMethodHandle$Holder.invokeStatic(java.lang.Object, java.lang.Object, int, java.lang.Object)'> (0x00000000d5877aa8) 
thrown [s\src\hotspot\share\interpreter\linkResolver.cpp, line 773]
Event: 113.954 Thread 0x0000020f896033b0 Exception <a 'java/io/FileNotFoundException'{0x00000000d5aeb5d8}> (0x00000000d5aeb5d8) 
thrown [s\src\hotspot\share\prims\jni.cpp, line 520]
Event: 113.955 Thread 0x0000020f896033b0 Exception <a 'java/io/FileNotFoundException'{0x00000000d5aecbb8}> (0x00000000d5aecbb8) 
thrown [s\src\hotspot\share\prims\jni.cpp, line 520]
Event: 344.508 Thread 0x0000020f844bb800 Exception <a 'java/lang/NoSuchMethodError'{0x00000000d58441c0}: 'java.lang.Object java.lang.invoke.DirectMethodHandle$Holder.newInvokeSpecial(java.lang.Object, java.lang.Object, java.lang.Object, java.lang.Object, java.lang.Object, java.lang.Object, java.lang.Object, java.lang.Object)'> (0x00000000d58441c0) 
thrown [s\src\hotspot\share\interpreter\linkResolver.cpp, line 773]
Event: 3229.750 Thread 0x0000020f89600c50 Exception <a 'java/lang/IncompatibleClassChangeError'{0x00000000d57f9610}: Found class java.lang.Object, but interface was expected> (0x00000000d57f9610) 
thrown [s\src\hotspot\share\interpreter\linkResolver.cpp, line 840]

ZGC Phase Switch (0 events):
No events

VM Operations (20 events):
Event: 3230.360 Executing VM operation: ParallelGCFailedAllocation (Allocation Failure)
Event: 3230.364 Executing VM operation: ParallelGCFailedAllocation (Allocation Failure) done
Event: 3290.408 Executing VM operation: Cleanup
Event: 3290.408 Executing VM operation: Cleanup done
Event: 3295.412 Executing VM operation: Cleanup
Event: 3295.412 Executing VM operation: Cleanup done
Event: 3300.415 Executing VM operation: Cleanup
Event: 3300.415 Executing VM operation: Cleanup done
Event: 3300.701 Executing VM operation: ParallelGCFailedAllocation (Allocation Failure)
Event: 3300.707 Executing VM operation: ParallelGCFailedAllocation (Allocation Failure) done
Event: 3306.746 Executing VM operation: HandshakeAllThreads (HandshakeForDeflation)
Event: 3306.746 Executing VM operation: HandshakeAllThreads (HandshakeForDeflation) done
Event: 3306.746 Executing VM operation: RendezvousGCThreads
Event: 3306.746 Executing VM operation: RendezvousGCThreads done
Event: 3346.881 Executing VM operation: Cleanup
Event: 3346.881 Executing VM operation: Cleanup done
Event: 3350.883 Executing VM operation: Cleanup
Event: 3350.883 Executing VM operation: Cleanup done
Event: 3364.892 Executing VM operation: Cleanup
Event: 3364.892 Executing VM operation: Cleanup done

Memory protections (0 events):
No events

Nmethod flushes (20 events):
Event: 48.723 Thread 0x0000020fa0bb1ab0 flushing  nmethod 0x0000020fa4642390
Event: 48.723 Thread 0x0000020fa0bb1ab0 flushing  nmethod 0x0000020fa4689b10
Event: 48.723 Thread 0x0000020fa0bb1ab0 flushing  nmethod 0x0000020fa46a5390
Event: 48.723 Thread 0x0000020fa0bb1ab0 flushing  nmethod 0x0000020fa46aa910
Event: 48.723 Thread 0x0000020fa0bb1ab0 flushing  nmethod 0x0000020fa46ae810
Event: 48.723 Thread 0x0000020fa0bb1ab0 flushing  nmethod 0x0000020fa46cfb10
Event: 48.723 Thread 0x0000020fa0bb1ab0 flushing  nmethod 0x0000020fa46ec690
Event: 48.723 Thread 0x0000020fa0bb1ab0 flushing  nmethod 0x0000020fa46ed290
Event: 48.723 Thread 0x0000020fa0bb1ab0 flushing  nmethod 0x0000020fa46ed890
Event: 48.723 Thread 0x0000020fa0bb1ab0 flushing  nmethod 0x0000020fa46ee790
Event: 48.723 Thread 0x0000020fa0bb1ab0 flushing  nmethod 0x0000020fa46ef110
Event: 48.723 Thread 0x0000020fa0bb1ab0 flushing  nmethod 0x0000020fa46ef710
Event: 48.723 Thread 0x0000020fa0bb1ab0 flushing  nmethod 0x0000020fa46eff90
Event: 48.723 Thread 0x0000020fa0bb1ab0 flushing  nmethod 0x0000020fa4753610
Event: 48.723 Thread 0x0000020fa0bb1ab0 flushing  nmethod 0x0000020fa4755a10
Event: 48.723 Thread 0x0000020fa0bb1ab0 flushing  nmethod 0x0000020fa4758990
Event: 48.723 Thread 0x0000020fa0bb1ab0 flushing  nmethod 0x0000020fa475a010
Event: 48.723 Thread 0x0000020fa0bb1ab0 flushing  nmethod 0x0000020fa475c790
Event: 48.723 Thread 0x0000020fa0bb1ab0 flushing  nmethod 0x0000020fa475dd10
Event: 48.723 Thread 0x0000020fa0bb1ab0 flushing  nmethod 0x0000020fa4788d10

Events (20 events):
Event: 3230.142 Thread 0x0000020f844bd8d0 Thread added: 0x0000020f869942f0
Event: 3230.143 Thread 0x0000020f844bc520 Thread added: 0x0000020f86995d30
Event: 3230.238 Thread 0x0000020ff990cfe0 Thread added: 0x0000020ff99417b0
Event: 3230.239 Thread 0x0000020ff990cfe0 Thread added: 0x0000020ff9942c20
Event: 3230.355 Thread 0x0000020ff9944760 Thread added: 0x0000020ff99432f0
Event: 3230.355 Thread 0x0000020ff9944760 Thread added: 0x0000020ff9944090
Event: 3230.355 Thread 0x0000020ff9944760 Thread added: 0x0000020f891e4900
Event: 3233.374 Thread 0x0000020f891e4900 Thread exited: 0x0000020f891e4900
Event: 3233.374 Thread 0x0000020ff9944090 Thread exited: 0x0000020ff9944090
Event: 3238.374 Thread 0x0000020ff99432f0 Thread exited: 0x0000020ff99432f0
Event: 3238.374 Thread 0x0000020ff9942c20 Thread exited: 0x0000020ff9942c20
Event: 3243.374 Thread 0x0000020ff99417b0 Thread exited: 0x0000020ff99417b0
Event: 3290.399 Thread 0x0000020f844bd8d0 Thread exited: 0x0000020f844bd8d0
Event: 3290.399 Thread 0x0000020f844bc520 Thread exited: 0x0000020f844bc520
Event: 3300.321 Thread 0x0000020f844bb800 Thread added: 0x0000020f844bd8d0
Event: 3300.343 Thread 0x0000020f844bd8d0 Thread exited: 0x0000020f844bd8d0
Event: 3300.700 Thread 0x0000020f844bb800 Thread added: 0x0000020f844bd8d0
Event: 3346.079 Thread 0x0000020ff9944760 Thread added: 0x0000020f891e26f0
Event: 3349.736 Thread 0x0000020f891e26f0 Thread exited: 0x0000020f891e26f0
Event: 3350.399 Thread 0x0000020f86995d30 Thread exited: 0x0000020f86995d30


Dynamic libraries:
0x00007ff716700000 - 0x00007ff71670e000 	c:\Users\deniz\.cursor\extensions\redhat.java-1.44.0-win32-x64\jre\21.0.8-win32-x86_64\bin\java.exe
0x00007ffa840c0000 - 0x00007ffa84327000 	C:\WINDOWS\SYSTEM32\ntdll.dll
0x00007ffa83740000 - 0x00007ffa83809000 	C:\WINDOWS\System32\KERNEL32.DLL
0x00007ffa813a0000 - 0x00007ffa81790000 	C:\WINDOWS\System32\KERNELBASE.dll
0x00007ffa818e0000 - 0x00007ffa81a2b000 	C:\WINDOWS\System32\ucrtbase.dll
0x00007ffa59b80000 - 0x00007ffa59b98000 	c:\Users\deniz\.cursor\extensions\redhat.java-1.44.0-win32-x64\jre\21.0.8-win32-x86_64\bin\jli.dll
0x00007ffa82df0000 - 0x00007ffa82fb5000 	C:\WINDOWS\System32\USER32.dll
0x00007ffa811f0000 - 0x00007ffa81217000 	C:\WINDOWS\System32\win32u.dll
0x00007ffa82c00000 - 0x00007ffa82c2b000 	C:\WINDOWS\System32\GDI32.dll
0x00007ffa81bb0000 - 0x00007ffa81ce8000 	C:\WINDOWS\System32\gdi32full.dll
0x00007ffa817a0000 - 0x00007ffa81843000 	C:\WINDOWS\System32\msvcp_win.dll
0x00007ffa53e80000 - 0x00007ffa53e9e000 	c:\Users\deniz\.cursor\extensions\redhat.java-1.44.0-win32-x64\jre\21.0.8-win32-x86_64\bin\VCRUNTIME140.dll
0x00007ffa5a920000 - 0x00007ffa5abba000 	C:\WINDOWS\WinSxS\amd64_microsoft.windows.common-controls_6595b64144ccf1df_6.0.26100.4768_none_3e0c112ce331287c\COMCTL32.dll
0x00007ffa83020000 - 0x00007ffa830c9000 	C:\WINDOWS\System32\msvcrt.dll
0x00007ffa83180000 - 0x00007ffa831af000 	C:\WINDOWS\System32\IMM32.DLL
0x00007ffa79860000 - 0x00007ffa7986c000 	c:\Users\deniz\.cursor\extensions\redhat.java-1.44.0-win32-x64\jre\21.0.8-win32-x86_64\bin\vcruntime140_1.dll
0x00007ffa1bf10000 - 0x00007ffa1bf9d000 	c:\Users\deniz\.cursor\extensions\redhat.java-1.44.0-win32-x64\jre\21.0.8-win32-x86_64\bin\msvcp140.dll
0x00007ff9a3af0000 - 0x00007ff9a4887000 	c:\Users\deniz\.cursor\extensions\redhat.java-1.44.0-win32-x64\jre\21.0.8-win32-x86_64\bin\server\jvm.dll
0x00007ffa821c0000 - 0x00007ffa82274000 	C:\WINDOWS\System32\ADVAPI32.dll
0x00007ffa81f90000 - 0x00007ffa82036000 	C:\WINDOWS\System32\sechost.dll
0x00007ffa82ad0000 - 0x00007ffa82be8000 	C:\WINDOWS\System32\RPCRT4.dll
0x00007ffa81e60000 - 0x00007ffa81ed4000 	C:\WINDOWS\System32\WS2_32.dll
0x00007ffa748e0000 - 0x00007ffa74915000 	C:\WINDOWS\SYSTEM32\WINMM.dll
0x00007ffa80a40000 - 0x00007ffa80a9e000 	C:\WINDOWS\SYSTEM32\POWRPROF.dll
0x00007ffa77b40000 - 0x00007ffa77b4b000 	C:\WINDOWS\SYSTEM32\VERSION.dll
0x00007ffa80a20000 - 0x00007ffa80a34000 	C:\WINDOWS\SYSTEM32\UMPDC.dll
0x00007ffa7ff30000 - 0x00007ffa7ff4b000 	C:\WINDOWS\SYSTEM32\kernel.appcore.dll
0x00007ffa6c040000 - 0x00007ffa6c04a000 	c:\Users\deniz\.cursor\extensions\redhat.java-1.44.0-win32-x64\jre\21.0.8-win32-x86_64\bin\jimage.dll
0x00007ffa7e0a0000 - 0x00007ffa7e2e1000 	C:\WINDOWS\SYSTEM32\DBGHELP.DLL
0x00007ffa83cf0000 - 0x00007ffa84075000 	C:\WINDOWS\System32\combase.dll
0x00007ffa820d0000 - 0x00007ffa821b0000 	C:\WINDOWS\System32\OLEAUT32.dll
0x00007ffa59b30000 - 0x00007ffa59b73000 	C:\WINDOWS\SYSTEM32\dbgcore.DLL
0x00007ffa81cf0000 - 0x00007ffa81d89000 	C:\WINDOWS\System32\bcryptPrimitives.dll
0x00007ffa5e900000 - 0x00007ffa5e90f000 	c:\Users\deniz\.cursor\extensions\redhat.java-1.44.0-win32-x64\jre\21.0.8-win32-x86_64\bin\instrument.dll
0x00007ffa2fac0000 - 0x00007ffa2fadf000 	c:\Users\deniz\.cursor\extensions\redhat.java-1.44.0-win32-x64\jre\21.0.8-win32-x86_64\bin\java.dll
0x00007ffa82280000 - 0x00007ffa829cd000 	C:\WINDOWS\System32\SHELL32.dll
0x00007ffa81a30000 - 0x00007ffa81ba3000 	C:\WINDOWS\System32\wintypes.dll
0x00007ffa7ed90000 - 0x00007ffa7f5f0000 	C:\WINDOWS\SYSTEM32\windows.storage.dll
0x00007ffa83420000 - 0x00007ffa83515000 	C:\WINDOWS\System32\SHCORE.dll
0x00007ffa833b0000 - 0x00007ffa8341a000 	C:\WINDOWS\System32\shlwapi.dll
0x00007ffa81110000 - 0x00007ffa81139000 	C:\WINDOWS\SYSTEM32\profapi.dll
0x00007ffa2e6f0000 - 0x00007ffa2e708000 	c:\Users\deniz\.cursor\extensions\redhat.java-1.44.0-win32-x64\jre\21.0.8-win32-x86_64\bin\zip.dll
0x00007ffa5f3f0000 - 0x00007ffa5f400000 	C:\Users\deniz\.cursor\extensions\redhat.java-1.44.0-win32-x64\jre\21.0.8-win32-x86_64\bin\net.dll
0x00007ffa7a3c0000 - 0x00007ffa7a4de000 	C:\WINDOWS\SYSTEM32\WINHTTP.dll
0x00007ffa804a0000 - 0x00007ffa8050b000 	C:\WINDOWS\system32\mswsock.dll
0x00007ffa2f930000 - 0x00007ffa2f946000 	C:\Users\deniz\.cursor\extensions\redhat.java-1.44.0-win32-x64\jre\21.0.8-win32-x86_64\bin\nio.dll
0x00007ffa5d470000 - 0x00007ffa5d480000 	c:\Users\deniz\.cursor\extensions\redhat.java-1.44.0-win32-x64\jre\21.0.8-win32-x86_64\bin\verify.dll
0x00007ffa29550000 - 0x00007ffa29595000 	C:\Users\deniz\AppData\Roaming\Cursor\User\globalStorage\redhat.java\1.44.0\config_win\org.eclipse.equinox.launcher\org.eclipse.equinox.launcher.win32.win32.x86_64_1.2.1400.v20250730-1736\eclipse_11913.dll
0x00007ffa82c30000 - 0x00007ffa82dd0000 	C:\WINDOWS\System32\ole32.dll
0x00007ffa80880000 - 0x00007ffa8089b000 	C:\WINDOWS\SYSTEM32\CRYPTSP.dll
0x00007ffa7fe90000 - 0x00007ffa7fecb000 	C:\WINDOWS\system32\rsaenh.dll
0x00007ffa80540000 - 0x00007ffa8056b000 	C:\WINDOWS\SYSTEM32\USERENV.dll
0x00007ffa810e0000 - 0x00007ffa81106000 	C:\WINDOWS\SYSTEM32\bcrypt.dll
0x00007ffa806e0000 - 0x00007ffa806ec000 	C:\WINDOWS\SYSTEM32\CRYPTBASE.dll
0x00007ffa7f9d0000 - 0x00007ffa7fa03000 	C:\WINDOWS\SYSTEM32\IPHLPAPI.DLL
0x00007ffa82de0000 - 0x00007ffa82dea000 	C:\WINDOWS\System32\NSI.dll
0x00007ffa22dd0000 - 0x00007ffa22e19000 	C:\Users\deniz\AppData\Local\Temp\jna-95470078\jna10958665447649833071.dll
0x00007ffa83520000 - 0x00007ffa83528000 	C:\WINDOWS\System32\PSAPI.DLL
0x00007ffa7a760000 - 0x00007ffa7a77f000 	C:\WINDOWS\SYSTEM32\dhcpcsvc6.DLL
0x00007ffa7a6c0000 - 0x00007ffa7a6e5000 	C:\WINDOWS\SYSTEM32\dhcpcsvc.DLL
0x00007ffa5b420000 - 0x00007ffa5b42e000 	C:\Users\deniz\.cursor\extensions\redhat.java-1.44.0-win32-x64\jre\21.0.8-win32-x86_64\bin\sunmscapi.dll
0x00007ffa81220000 - 0x00007ffa81397000 	C:\WINDOWS\System32\CRYPT32.dll
0x00007ffa80b00000 - 0x00007ffa80b30000 	C:\WINDOWS\SYSTEM32\ncrypt.dll
0x00007ffa80ab0000 - 0x00007ffa80aef000 	C:\WINDOWS\SYSTEM32\NTASN1.dll
0x00007ffa7fa10000 - 0x00007ffa7fb36000 	C:\WINDOWS\SYSTEM32\DNSAPI.dll
0x00007ffa79f70000 - 0x00007ffa79f7b000 	C:\Windows\System32\rasadhlp.dll
0x00007ffa7a9a0000 - 0x00007ffa7aa26000 	C:\WINDOWS\System32\fwpuclnt.dll
0x00007ffa5a8b0000 - 0x00007ffa5a8b9000 	C:\Users\deniz\.cursor\extensions\redhat.java-1.44.0-win32-x64\jre\21.0.8-win32-x86_64\bin\extnet.dll
0x00007ffa2a550000 - 0x00007ffa2a577000 	C:\Users\deniz\.gradle\native\c067742578af261105cb4f569cf0c3c89f3d7b1fecec35dd04571415982c5e48\windows-amd64\native-platform.dll
0x00007ffa5db40000 - 0x00007ffa5db4a000 	C:\Users\deniz\.cursor\extensions\redhat.java-1.44.0-win32-x64\jre\21.0.8-win32-x86_64\bin\management.dll
0x00007ffa5db20000 - 0x00007ffa5db2b000 	C:\Users\deniz\.cursor\extensions\redhat.java-1.44.0-win32-x64\jre\21.0.8-win32-x86_64\bin\management_ext.dll
0x00007ffa4b550000 - 0x00007ffa4b558000 	C:\WINDOWS\system32\wshunix.dll

JVMTI agents:
c:\Users\deniz\.cursor\extensions\redhat.java-1.44.0-win32-x64\lombok\lombok-1.18.39-4050.jar path:c:\Users\deniz\.cursor\extensions\redhat.java-1.44.0-win32-x64\jre\21.0.8-win32-x86_64\bin\instrument.dll, loaded, initialized, instrumentlib options:none

dbghelp: loaded successfully - version: 4.0.5 - missing functions: none
symbol engine: initialized successfully - sym options: 0x614 - pdb path: .;c:\Users\deniz\.cursor\extensions\redhat.java-1.44.0-win32-x64\jre\21.0.8-win32-x86_64\bin;C:\WINDOWS\SYSTEM32;C:\WINDOWS\WinSxS\amd64_microsoft.windows.common-controls_6595b64144ccf1df_6.0.26100.4768_none_3e0c112ce331287c;c:\Users\deniz\.cursor\extensions\redhat.java-1.44.0-win32-x64\jre\21.0.8-win32-x86_64\bin\server;C:\Users\deniz\AppData\Roaming\Cursor\User\globalStorage\redhat.java\1.44.0\config_win\org.eclipse.equinox.launcher\org.eclipse.equinox.launcher.win32.win32.x86_64_1.2.1400.v20250730-1736;C:\Users\deniz\AppData\Local\Temp\jna-95470078;C:\Users\deniz\.gradle\native\c067742578af261105cb4f569cf0c3c89f3d7b1fecec35dd04571415982c5e48\windows-amd64

VM Arguments:
jvm_args: --add-modules=ALL-SYSTEM --add-opens=java.base/java.util=ALL-UNNAMED --add-opens=java.base/java.lang=ALL-UNNAMED --add-opens=java.base/sun.nio.fs=ALL-UNNAMED -Declipse.application=org.eclipse.jdt.ls.core.id1 -Dosgi.bundles.defaultStartLevel=4 -Declipse.product=org.eclipse.jdt.ls.core.product -Djava.import.generatesMetadataFilesAtProjectRoot=false -DDetectVMInstallationsJob.disabled=true -Dfile.encoding=utf8 -XX:+UseParallelGC -XX:GCTimeRatio=4 -XX:AdaptiveSizePolicyWeight=90 -Dsun.zip.disableMemoryMapping=true -Xmx2G -Xms100m -Xlog:disable -javaagent:c:\Users\deniz\.cursor\extensions\redhat.java-1.44.0-win32-x64\lombok\lombok-1.18.39-4050.jar -XX:+HeapDumpOnOutOfMemoryError -XX:HeapDumpPath=c:\Users\deniz\AppData\Roaming\Cursor\User\workspaceStorage\04a64cb1d383666a988af755d4eca036\redhat.java -Daether.dependencyCollector.impl=bf 
java_command: c:\Users\deniz\.cursor\extensions\redhat.java-1.44.0-win32-x64\server\plugins\org.eclipse.equinox.launcher_1.7.0.v20250519-0528.jar -configuration c:\Users\deniz\AppData\Roaming\Cursor\User\globalStorage\redhat.java\1.44.0\config_win -data c:\Users\deniz\AppData\Roaming\Cursor\User\workspaceStorage\04a64cb1d383666a988af755d4eca036\redhat.java\jdt_ws --pipe=\\.\pipe\lsp-642e5b928366618cbbea97e722c199d7-sock
java_class_path (initial): c:\Users\deniz\.cursor\extensions\redhat.java-1.44.0-win32-x64\server\plugins\org.eclipse.equinox.launcher_1.7.0.v20250519-0528.jar
Launcher Type: SUN_STANDARD

[Global flags]
    uintx AdaptiveSizePolicyWeight                 = 90                                        {product} {command line}
     intx CICompilerCount                          = 12                                        {product} {ergonomic}
    uintx GCTimeRatio                              = 4                                         {product} {command line}
     bool HeapDumpOnOutOfMemoryError               = true                                   {manageable} {command line}
    ccstr HeapDumpPath                             = c:\Users\deniz\AppData\Roaming\Cursor\User\workspaceStorage\04a64cb1d383666a988af755d4eca036\redhat.java         {manageable} {command line}
   size_t InitialHeapSize                          = 104857600                                 {product} {command line}
   size_t MaxHeapSize                              = 2147483648                                {product} {command line}
   size_t MaxNewSize                               = 715653120                                 {product} {ergonomic}
   size_t MinHeapDeltaBytes                        = 524288                                    {product} {ergonomic}
   size_t MinHeapSize                              = 104857600                                 {product} {command line}
   size_t NewSize                                  = 34603008                                  {product} {ergonomic}
    uintx NonNMethodCodeHeapSize                   = 7602480                                {pd product} {ergonomic}
    uintx NonProfiledCodeHeapSize                  = 122027880                              {pd product} {ergonomic}
   size_t OldSize                                  = 70254592                                  {product} {ergonomic}
    uintx ProfiledCodeHeapSize                     = 122027880                              {pd product} {ergonomic}
    uintx ReservedCodeCacheSize                    = 251658240                              {pd product} {ergonomic}
     bool SegmentedCodeCache                       = true                                      {product} {ergonomic}
   size_t SoftMaxHeapSize                          = 2147483648                             {manageable} {ergonomic}
     bool UseCompressedOops                        = true                           {product lp64_product} {ergonomic}
     bool UseLargePagesIndividualAllocation        = false                                  {pd product} {ergonomic}
     bool UseParallelGC                            = true                                      {product} {command line}

Logging:
Log output configuration:
 #0: stdout all=off uptime,level,tags foldmultilines=false
 #1: stderr all=off uptime,level,tags foldmultilines=false

Environment Variables:
PATH=C:\Program Files\Common Files\Oracle\Java\javapath;C:\Program Files (x86)\Common Files\Oracle\Java\java8path;C:\Program Files (x86)\Common Files\Oracle\Java\javapath;C:\Windows\system32;C:\Windows;C:\Windows\System32\Wbem;C:\Windows\System32\WindowsPowerShell\v1.0\;C:\Windows\System32\OpenSSH\;C:\Program Files (x86)\NVIDIA Corporation\PhysX\Common;C:\WINDOWS\system32;C:\WINDOWS;C:\WINDOWS\System32\Wbem;C:\WINDOWS\System32\WindowsPowerShell\v1.0\;C:\WINDOWS\System32\OpenSSH\;C:\Program Files\MiKTeX\miktex\bin\x64\;C:\Program Files\dotnet\;C:\Program Files\Microsoft SQL Server\150\Tools\Binn\;C:\Program Files\Microsoft SQL Server\Client SDK\ODBC\170\Tools\Binn\;C:\Program Files\nodejs\;C:\Program Files\Git\cmd;C:\Program Files\NVIDIA Corporation\NVIDIA app\NvDLISR;C:\Program Files\MySQL\MySQL Shell 8.0\bin\;C:\Users\deniz\AppData\Local\Programs\Python\Launcher\;C:\Users\deniz\AppData\Local\Microsoft\WindowsApps;C:\Program Files\apache-maven-3.9.6-bin\apache-maven-3.9.6\bin;C:\Users\deniz\.dotnet\tools;C:\Program Files\JetBrains\PyCharm 2024.1.1\bin;;C:\Users\deniz\AppData\Local\Programs\Microsoft VS Code\bin;C:\Program Files\JetBrains\DataGrip 2024.1.4\bin;;C:\Program Files\Java\jdk-17.0.3.1\bin;C:\Users\deniz\AppData\Roaming\npm;C:\Users\deniz\AppData\Local\Programs\cursor\resources\app\bin
USERNAME=deniz
OS=Windows_NT
PROCESSOR_IDENTIFIER=Intel64 Family 6 Model 154 Stepping 3, GenuineIntel
TMP=C:\Users\deniz\AppData\Local\Temp
TEMP=C:\Users\deniz\AppData\Local\Temp




Periodic native trim disabled

---------------  S Y S T E M  ---------------

OS:
 Windows 11 , 64 bit Build 26100 (10.0.26100.4768)
OS uptime: 1 days 1:09 hours
Hyper-V role detected

CPU: total 16 (initial active 16) (8 cores per cpu, 2 threads per core) family 6 model 154 stepping 3 microcode 0x42c, cx8, cmov, fxsr, ht, mmx, 3dnowpref, sse, sse2, sse3, ssse3, sse4.1, sse4.2, popcnt, lzcnt, tsc, tscinvbit, avx, avx2, aes, erms, clmul, bmi1, bmi2, adx, sha, fma, vzeroupper, clflush, clflushopt, clwb, hv, serialize, rdtscp, rdpid, fsrm, f16c, cet_ibt, cet_ss
Processor Information for processor 0
  Max Mhz: 2500, Current Mhz: 2500, Mhz Limit: 2500
Processor Information for processor 1
  Max Mhz: 2500, Current Mhz: 2500, Mhz Limit: 2500
Processor Information for processor 2
  Max Mhz: 2500, Current Mhz: 2500, Mhz Limit: 2500
Processor Information for processor 3
  Max Mhz: 2500, Current Mhz: 2500, Mhz Limit: 2500
Processor Information for processor 4
  Max Mhz: 2500, Current Mhz: 2500, Mhz Limit: 2500
Processor Information for processor 5
  Max Mhz: 2500, Current Mhz: 2500, Mhz Limit: 2500
Processor Information for processor 6
  Max Mhz: 2500, Current Mhz: 2500, Mhz Limit: 2500
Processor Information for processor 7
  Max Mhz: 2500, Current Mhz: 2500, Mhz Limit: 2500
Processor Information for processor 8
  Max Mhz: 2500, Current Mhz: 1800, Mhz Limit: 1800
Processor Information for processor 9
  Max Mhz: 2500, Current Mhz: 1800, Mhz Limit: 1800
Processor Information for processor 10
  Max Mhz: 2500, Current Mhz: 1800, Mhz Limit: 1800
Processor Information for processor 11
  Max Mhz: 2500, Current Mhz: 1800, Mhz Limit: 1800
Processor Information for processor 12
  Max Mhz: 2500, Current Mhz: 1800, Mhz Limit: 1800
Processor Information for processor 13
  Max Mhz: 2500, Current Mhz: 1800, Mhz Limit: 1800
Processor Information for processor 14
  Max Mhz: 2500, Current Mhz: 1800, Mhz Limit: 1800
Processor Information for processor 15
  Max Mhz: 2500, Current Mhz: 1800, Mhz Limit: 1800

Memory: 4k page, system-wide physical 16052M (1225M free)
TotalPageFile size 27815M (AvailPageFile size 91M)
current process WorkingSet (physical memory assigned to process): 136M, peak: 843M
current process commit charge ("private bytes"): 830M, peak: 835M

vm_info: OpenJDK 64-Bit Server VM (21.0.8+9-LTS) for windows-amd64 JRE (21.0.8+9-LTS), built on 2025-07-15T00:00:00Z by "admin" with MS VC++ 17.7 (VS2022)

END.
