#
# There is insufficient memory for the Java Runtime Environment to continue.
# Native memory allocation (mmap) failed to map 264241152 bytes. Error detail: G1 virtual space
# Possible reasons:
#   The system is out of physical RAM or swap space
#   This process is running with CompressedOops enabled, and the Java Heap may be blocking the growth of the native heap
# Possible solutions:
#   Reduce memory load on the system
#   Increase physical memory or swap space
#   Check if swap backing store is full
#   Decrease Java heap size (-Xmx/-Xms)
#   Decrease number of Java threads
#   Decrease Java thread stack sizes (-Xss)
#   Set larger code cache with -XX:ReservedCodeCacheSize=
#   JVM is running with Zero Based Compressed Oops mode in which the Java heap is
#     placed in the first 32GB address space. The Java Heap base address is the
#     maximum limit for the native heap growth. Please use -XX:HeapBaseMinAddress
#     to set the Java Heap base and to place the Java Heap above 32GB virtual address.
# This output file may be truncated or incomplete.
#
#  Out of Memory Error (os_windows.cpp:3564), pid=22788, tid=29560
#
# JRE version:  (24.0.1+9) (build )
# Java VM: Java HotSpot(TM) 64-Bit Server VM (24.0.1+9-30, mixed mode, sharing, tiered, compressed oops, compressed class ptrs, g1 gc, windows-amd64)
# No core dump will be written. Minidumps are not enabled by default on client versions of Windows
#

---------------  S U M M A R Y ------------

Command Line: 

Host: 12th Gen Intel(R) Core(TM) i5-12500H, 16 cores, 15G,  Windows 11 , 64 bit Build 26100 (10.0.26100.4768)
Time: Wed Sep  3 00:35:23 2025 Türkiye Standart Saati elapsed time: 0.013539 seconds (0d 0h 0m 0s)

---------------  T H R E A D  ---------------

Current thread (0x00000231b12ef870):  JavaThread "Unknown thread" [_thread_in_vm, id=29560, stack(0x000000e6d2100000,0x000000e6d2200000) (1024K)]

Stack: [0x000000e6d2100000,0x000000e6d2200000]
Native frames: (J=compiled Java code, j=interpreted, Vv=VM code, C=native code)
V  [jvm.dll+0x730739]  (no source info available)
V  [jvm.dll+0x8d9b23]  (no source info available)
V  [jvm.dll+0x8dc00d]  (no source info available)
V  [jvm.dll+0x8dc683]  (no source info available)
V  [jvm.dll+0x2aa086]  (no source info available)
V  [jvm.dll+0x72cc65]  (no source info available)
V  [jvm.dll+0x72059a]  (no source info available)
V  [jvm.dll+0x390cea]  (no source info available)
V  [jvm.dll+0x3989f6]  (no source info available)
V  [jvm.dll+0x38523e]  (no source info available)
V  [jvm.dll+0x3854f8]  (no source info available)
V  [jvm.dll+0x35d0cc]  (no source info available)
V  [jvm.dll+0x35dd8d]  (no source info available)
V  [jvm.dll+0x89d28f]  (no source info available)
V  [jvm.dll+0x3f985d]  (no source info available)
V  [jvm.dll+0x8858e6]  (no source info available)
V  [jvm.dll+0x495f3e]  (no source info available)
V  [jvm.dll+0x497d11]  (no source info available)
C  [jli.dll+0x52a1]  (no source info available)
C  [ucrtbase.dll+0x37b0]  (no source info available)
C  [KERNEL32.DLL+0x2e8d7]  (no source info available)
C  [ntdll.dll+0x3c34c]  (no source info available)

Lock stack of current Java thread (top to bottom):


---------------  P R O C E S S  ---------------

Threads class SMR info:
_java_thread_list=0x00007ff9a02ef318, length=0, elements={
}

Java Threads: ( => current thread )
Total: 0

Other Threads:
  0x00000231b13568d0 WorkerThread "GC Thread#0"                     [id=29264, stack(0x000000e6d2200000,0x000000e6d2300000) (1024K)]
  0x00000231b13ab010 ConcurrentGCThread "G1 Main Marker"            [id=29352, stack(0x000000e6d2300000,0x000000e6d2400000) (1024K)]
  0x00000231b13ad170 WorkerThread "G1 Conc#0"                       [id=26516, stack(0x000000e6d2400000,0x000000e6d2500000) (1024K)]

[error occurred during error reporting (printing all threads), id 0xc0000005, EXCEPTION_ACCESS_VIOLATION (0xc0000005) at pc=0x00007ff99fa214ea]
VM state: not at safepoint (not fully initialized)

VM Mutex/Monitor currently owned by a thread:  ([mutex/lock_event])
[0x00007ff9a03745b0] Heap_lock - owner thread: 0x00000231b12ef870

Heap address: 0x0000000705200000, size: 4014 MB, Compressed Oops mode: Zero based, Oop shift amount: 3

CDS archive(s) mapped at: [0x0000000000000000-0x0000000000000000-0x0000000000000000), size 0, SharedBaseAddress: 0x0000000800000000, ArchiveRelocationMode: 1.
UseCompressedClassPointers 1, UseCompactObjectHeaders 0
Narrow klass pointer bits 32, Max shift 3
Narrow klass base: 0xffffffffffffffff, Narrow klass shift: -1
Encoding Range: [0xffffffffffffffff - 0x000000007fffffff), (2147483648 bytes)
Klass Range:    [0x0000000000000000 - 0x0000000000000000), (0 bytes)
Klass ID Range:  [4294967295 - 0) (1)

GC Precious Log:
 CardTable entry size: 512
 Card Set container configuration: InlinePtr #cards 4 size 8 Array Of Cards #cards 16 size 48 Howl #buckets 8 coarsen threshold 3686 Howl Bitmap #cards 512 size 80 coarsen threshold 460 Card regions per heap region 1 cards per card region 4096

Heap:
 garbage-first heap   total reserved 4110336K, committed 0K, used 0K [0x0000000705200000, 0x0000000800000000)
  region size 2048K, 0 young (0K), 0 survivors (0K)

[error occurred during error reporting (printing heap information), id 0xc0000005, EXCEPTION_ACCESS_VIOLATION (0xc0000005) at pc=0x00007ff99fe3e3e9]
GC Heap History (0 events):
No events

Dll operation events (1 events):
Event: 0.007 Loaded shared library C:\Program Files\Java\jdk-24\bin\java.dll

Deoptimization events (0 events):
No events

Classes loaded (0 events):
No events

Classes unloaded (0 events):
No events

Classes redefined (0 events):
No events

Internal exceptions (0 events):
No events

VM Operations (0 events):
No events

Memory protections (0 events):
No events

Nmethod flushes (0 events):
No events

Events (0 events):
No events


Dynamic libraries:
0x00007ff78e950000 - 0x00007ff78e960000 	C:\Program Files\Java\jdk-24\bin\java.exe
0x00007ffa840c0000 - 0x00007ffa84327000 	C:\WINDOWS\SYSTEM32\ntdll.dll
0x00007ffa83740000 - 0x00007ffa83809000 	C:\WINDOWS\System32\KERNEL32.DLL
0x00007ffa813a0000 - 0x00007ffa81790000 	C:\WINDOWS\System32\KERNELBASE.dll
0x00007ffa818e0000 - 0x00007ffa81a2b000 	C:\WINDOWS\System32\ucrtbase.dll
0x00007ffa29b70000 - 0x00007ffa29b8b000 	C:\Program Files\Java\jdk-24\bin\VCRUNTIME140.dll
0x00007ffa29b90000 - 0x00007ffa29ba6000 	C:\Program Files\Java\jdk-24\bin\jli.dll
0x00007ffa82df0000 - 0x00007ffa82fb5000 	C:\WINDOWS\System32\USER32.dll
0x00007ffa5a920000 - 0x00007ffa5abba000 	C:\WINDOWS\WinSxS\amd64_microsoft.windows.common-controls_6595b64144ccf1df_6.0.26100.4768_none_3e0c112ce331287c\COMCTL32.dll
0x00007ffa811f0000 - 0x00007ffa81217000 	C:\WINDOWS\System32\win32u.dll
0x00007ffa82c00000 - 0x00007ffa82c2b000 	C:\WINDOWS\System32\GDI32.dll
0x00007ffa83020000 - 0x00007ffa830c9000 	C:\WINDOWS\System32\msvcrt.dll
0x00007ffa81bb0000 - 0x00007ffa81ce8000 	C:\WINDOWS\System32\gdi32full.dll
0x00007ffa817a0000 - 0x00007ffa81843000 	C:\WINDOWS\System32\msvcp_win.dll
0x00007ffa83180000 - 0x00007ffa831af000 	C:\WINDOWS\System32\IMM32.DLL
0x00007ffa4f000000 - 0x00007ffa4f00c000 	C:\Program Files\Java\jdk-24\bin\vcruntime140_1.dll
0x00007ffa0f050000 - 0x00007ffa0f0de000 	C:\Program Files\Java\jdk-24\bin\msvcp140.dll
0x00007ff99f6b0000 - 0x00007ff9a0452000 	C:\Program Files\Java\jdk-24\bin\server\jvm.dll
0x00007ffa821c0000 - 0x00007ffa82274000 	C:\WINDOWS\System32\ADVAPI32.dll
0x00007ffa81f90000 - 0x00007ffa82036000 	C:\WINDOWS\System32\sechost.dll
0x00007ffa82ad0000 - 0x00007ffa82be8000 	C:\WINDOWS\System32\RPCRT4.dll
0x00007ffa81e60000 - 0x00007ffa81ed4000 	C:\WINDOWS\System32\WS2_32.dll
0x00007ffa80a40000 - 0x00007ffa80a9e000 	C:\WINDOWS\SYSTEM32\POWRPROF.dll
0x00007ffa748e0000 - 0x00007ffa74915000 	C:\WINDOWS\SYSTEM32\WINMM.dll
0x00007ffa77b40000 - 0x00007ffa77b4b000 	C:\WINDOWS\SYSTEM32\VERSION.dll
0x00007ffa80a20000 - 0x00007ffa80a34000 	C:\WINDOWS\SYSTEM32\UMPDC.dll
0x00007ffa7ff30000 - 0x00007ffa7ff4b000 	C:\WINDOWS\SYSTEM32\kernel.appcore.dll
0x00007ffa4e120000 - 0x00007ffa4e12a000 	C:\Program Files\Java\jdk-24\bin\jimage.dll
0x00007ffa7e0a0000 - 0x00007ffa7e2e1000 	C:\WINDOWS\SYSTEM32\DBGHELP.DLL
0x00007ffa83cf0000 - 0x00007ffa84075000 	C:\WINDOWS\System32\combase.dll
0x00007ffa820d0000 - 0x00007ffa821b0000 	C:\WINDOWS\System32\OLEAUT32.dll
0x00007ffa59b30000 - 0x00007ffa59b73000 	C:\WINDOWS\SYSTEM32\dbgcore.DLL
0x00007ffa81cf0000 - 0x00007ffa81d89000 	C:\WINDOWS\System32\bcryptPrimitives.dll
0x00007ffa29530000 - 0x00007ffa2954e000 	C:\Program Files\Java\jdk-24\bin\java.dll
0x00007ffa82c30000 - 0x00007ffa82dd0000 	C:\WINDOWS\System32\ole32.dll
0x00007ffa82280000 - 0x00007ffa829cd000 	C:\WINDOWS\System32\SHELL32.dll
0x00007ffa81a30000 - 0x00007ffa81ba3000 	C:\WINDOWS\System32\wintypes.dll

JVMTI agents: none

dbghelp: loaded successfully - version: 4.0.5 - missing functions: none
symbol engine: initialized successfully - sym options: 0x614 - pdb path: .;C:\Program Files\Java\jdk-24\bin;C:\WINDOWS\SYSTEM32;C:\WINDOWS\WinSxS\amd64_microsoft.windows.common-controls_6595b64144ccf1df_6.0.26100.4768_none_3e0c112ce331287c;C:\Program Files\Java\jdk-24\bin\server

VM Arguments:
java_command: <unknown>
java_class_path (initial): <not set>
Launcher Type: SUN_STANDARD

[Global flags]
     intx CICompilerCount                          = 12                                        {product} {ergonomic}
     uint ConcGCThreads                            = 3                                         {product} {ergonomic}
     uint G1ConcRefinementThreads                  = 13                                        {product} {ergonomic}
   size_t G1HeapRegionSize                         = 2097152                                   {product} {ergonomic}
   size_t InitialHeapSize                          = 264241152                                 {product} {ergonomic}
   size_t MarkStackSize                            = 4194304                                   {product} {ergonomic}
   size_t MarkStackSizeMax                         = 536870912                                 {product} {ergonomic}
   size_t MaxHeapSize                              = 4208984064                                {product} {ergonomic}
   size_t MinHeapDeltaBytes                        = 2097152                                   {product} {ergonomic}
   size_t MinHeapSize                              = 8388608                                   {product} {ergonomic}
    uintx NonNMethodCodeHeapSize                   = 7602176                                {pd product} {ergonomic}
    uintx NonProfiledCodeHeapSize                  = 122093568                              {pd product} {ergonomic}
    uintx ProfiledCodeHeapSize                     = 121962496                              {pd product} {ergonomic}
    uintx ReservedCodeCacheSize                    = 251658240                              {pd product} {ergonomic}
     bool SegmentedCodeCache                       = true                                      {product} {ergonomic}
   size_t SoftMaxHeapSize                          = 4208984064                             {manageable} {ergonomic}
     bool UseCompressedOops                        = true                           {product lp64_product} {ergonomic}
     bool UseG1GC                                  = true                                      {product} {ergonomic}
     bool UseLargePagesIndividualAllocation        = false                                  {pd product} {ergonomic}

Logging:
Log output configuration:
 #0: stdout all=warning uptime,level,tags foldmultilines=false
 #1: stderr all=off uptime,level,tags foldmultilines=false

Environment Variables:
PATH=C:\Program Files\Common Files\Oracle\Java\javapath;C:\Program Files (x86)\Common Files\Oracle\Java\java8path;C:\Program Files (x86)\Common Files\Oracle\Java\javapath;C:\Windows\system32;C:\Windows;C:\Windows\System32\Wbem;C:\Windows\System32\WindowsPowerShell\v1.0\;C:\Windows\System32\OpenSSH\;C:\Program Files (x86)\NVIDIA Corporation\PhysX\Common;C:\WINDOWS\system32;C:\WINDOWS;C:\WINDOWS\System32\Wbem;C:\WINDOWS\System32\WindowsPowerShell\v1.0\;C:\WINDOWS\System32\OpenSSH\;C:\Program Files\MiKTeX\miktex\bin\x64\;C:\Program Files\dotnet\;C:\Program Files\Microsoft SQL Server\150\Tools\Binn\;C:\Program Files\Microsoft SQL Server\Client SDK\ODBC\170\Tools\Binn\;C:\Program Files\nodejs\;C:\Program Files\Git\cmd;C:\Program Files\NVIDIA Corporation\NVIDIA app\NvDLISR;C:\Program Files\MySQL\MySQL Shell 8.0\bin\;C:\Users\deniz\AppData\Local\Programs\Python\Launcher\;C:\Users\deniz\AppData\Local\Microsoft\WindowsApps;C:\Program Files\apache-maven-3.9.6-bin\apache-maven-3.9.6\bin;C:\Users\deniz\.dotnet\tools;C:\Program Files\JetBrains\PyCharm 2024.1.1\bin;;C:\Users\deniz\AppData\Local\Programs\Microsoft VS Code\bin;C:\Program Files\JetBrains\DataGrip 2024.1.4\bin;;C:\Program Files\Java\jdk-17.0.3.1\bin;C:\Users\deniz\AppData\Roaming\npm;C:\Users\deniz\AppData\Local\Programs\cursor\resources\app\bin
USERNAME=deniz
LANG=en_US.UTF-8
OS=Windows_NT
PROCESSOR_IDENTIFIER=Intel64 Family 6 Model 154 Stepping 3, GenuineIntel
TMP=C:\Users\deniz\AppData\Local\Temp
TEMP=C:\Users\deniz\AppData\Local\Temp




Periodic native trim disabled

---------------  S Y S T E M  ---------------

OS:
 Windows 11 , 64 bit Build 26100 (10.0.26100.4768)
OS uptime: 1 days 1:09 hours
Hyper-V role detected

CPU: total 16 (initial active 16) (8 cores per cpu, 2 threads per core) family 6 model 154 stepping 3 microcode 0x42c, cx8, cmov, fxsr, ht, mmx, 3dnowpref, sse, sse2, sse3, ssse3, sse4.1, sse4.2, popcnt, lzcnt, tsc, tscinvbit, avx, avx2, aes, erms, clmul, bmi1, bmi2, adx, sha, fma, vzeroupper, clflush, clflushopt, clwb, hv, serialize, rdtscp, rdpid, fsrm, gfni, f16c, cet_ibt, cet_ss
Processor Information for processor 0
  Max Mhz: 2500, Current Mhz: 2500, Mhz Limit: 2500
Processor Information for processor 1
  Max Mhz: 2500, Current Mhz: 2500, Mhz Limit: 2500
Processor Information for processor 2
  Max Mhz: 2500, Current Mhz: 1532, Mhz Limit: 2500
Processor Information for processor 3
  Max Mhz: 2500, Current Mhz: 2500, Mhz Limit: 2500
Processor Information for processor 4
  Max Mhz: 2500, Current Mhz: 2500, Mhz Limit: 2500
Processor Information for processor 5
  Max Mhz: 2500, Current Mhz: 2500, Mhz Limit: 2500
Processor Information for processor 6
  Max Mhz: 2500, Current Mhz: 2500, Mhz Limit: 2500
Processor Information for processor 7
  Max Mhz: 2500, Current Mhz: 2500, Mhz Limit: 2500
Processor Information for processor 8
  Max Mhz: 2500, Current Mhz: 1800, Mhz Limit: 1800
Processor Information for processor 9
  Max Mhz: 2500, Current Mhz: 1800, Mhz Limit: 1800
Processor Information for processor 10
  Max Mhz: 2500, Current Mhz: 1800, Mhz Limit: 1800
Processor Information for processor 11
  Max Mhz: 2500, Current Mhz: 1800, Mhz Limit: 1800
Processor Information for processor 12
  Max Mhz: 2500, Current Mhz: 1800, Mhz Limit: 1800
Processor Information for processor 13
  Max Mhz: 2500, Current Mhz: 1800, Mhz Limit: 1800
Processor Information for processor 14
  Max Mhz: 2500, Current Mhz: 1800, Mhz Limit: 1800
Processor Information for processor 15
  Max Mhz: 2500, Current Mhz: 1800, Mhz Limit: 1800

Memory: 4k page, system-wide physical 16052M (1331M free)
TotalPageFile size 27815M (AvailPageFile size 24M)
current process WorkingSet (physical memory assigned to process): 14M, peak: 14M
current process commit charge ("private bytes"): 71M, peak: 323M

vm_info: Java HotSpot(TM) 64-Bit Server VM (24.0.1+9-30) for windows-amd64 JRE (24.0.1+9-30), built on 2025-03-05T07:23:45Z with MS VC++ 17.6 (VS2022)

END.
